[logback]2022-12-21 10:46:06 [XNIO-1 task-1] ERROR e.s.web.web.SmartAircokWebController - 
### Error querying database.  Cause: org.postgresql.util.PSQLException: 오류: 캐시된 계획에서 결과 형식을 바꾸지 않아야 함
### The error may exist in file [D:\git\SmartAircok\SmartAircok\target\classes\egovframework\mapper\let\smartaircok\SmartAircokWeb_SQL_postgresql.xml]
### The error may involve smartaircokWeb.selectDeviceLists-Inline
### The error occurred while setting parameters
### SQL: SELECT dvc_list   FROM aircok.user_tb   WHERE user_id = ?
### Cause: org.postgresql.util.PSQLException: 오류: 캐시된 계획에서 결과 형식을 바꾸지 않아야 함
[logback]2022-12-21 10:46:06 [XNIO-1 task-1] ERROR e.s.web.web.SmartAircokWebController - /device-lists Exception LOGGER
[logback]2022-12-21 11:47:17 [XNIO-4 task-2] ERROR e.s.l.web.SmartAircokLoginController - 자격 증명에 실패하였습니다.
[logback]2022-12-21 11:47:17 [XNIO-4 task-2] ERROR e.s.l.web.SmartAircokLoginController - /login/user Exception LOGGER
[logback]2022-12-21 11:48:21 [XNIO-4 task-2] ERROR e.s.l.web.SmartAircokLoginController - 자격 증명에 실패하였습니다.
[logback]2022-12-21 11:48:21 [XNIO-4 task-2] ERROR e.s.l.web.SmartAircokLoginController - /login/user Exception LOGGER
[logback]2022-12-21 11:49:07 [XNIO-2 task-1] ERROR e.s.l.web.SmartAircokLoginController - 자격 증명에 실패하였습니다.
[logback]2022-12-21 11:49:07 [XNIO-2 task-1] ERROR e.s.l.web.SmartAircokLoginController - /login/user Exception LOGGER
[logback]2022-12-21 16:12:22 [XNIO-2 task-1] ERROR e.smartaircok.SmartAircokApplication - Cannot invoke "java.util.Map.keySet()" because "mysensors" is null
[logback]2022-12-21 16:12:22 [XNIO-2 task-1] ERROR e.smartaircok.SmartAircokApplication - /device/data/2211IL0002 Exception LOGGER
[logback]2022-12-21 16:12:22 [XNIO-2 task-1] ERROR e.smartaircok.SmartAircokApplication - Cannot invoke "java.util.Map.keySet()" because "mysensors" is null
[logback]2022-12-21 16:12:22 [XNIO-2 task-1] ERROR e.smartaircok.SmartAircokApplication - /device/data/2211IL0002 Exception LOGGER
[logback]2022-12-21 16:13:35 [XNIO-1 task-3] ERROR e.smartaircok.SmartAircokApplication - class java.lang.Boolean cannot be cast to class java.lang.String (java.lang.Boolean and java.lang.String are in module java.base of loader 'bootstrap')
[logback]2022-12-21 16:13:35 [XNIO-1 task-3] ERROR e.smartaircok.SmartAircokApplication - /device/data/2211IL0001 Exception LOGGER
[logback]2022-12-21 16:13:36 [XNIO-1 task-3] ERROR e.smartaircok.SmartAircokApplication - class java.lang.Boolean cannot be cast to class java.lang.String (java.lang.Boolean and java.lang.String are in module java.base of loader 'bootstrap')
[logback]2022-12-21 16:13:36 [XNIO-1 task-3] ERROR e.smartaircok.SmartAircokApplication - /device/data/2211IL0001 Exception LOGGER
[logback]2022-12-21 16:15:30 [XNIO-1 task-3] ERROR e.smartaircok.SmartAircokApplication - class java.lang.Boolean cannot be cast to class java.lang.String (java.lang.Boolean and java.lang.String are in module java.base of loader 'bootstrap')
[logback]2022-12-21 16:15:30 [XNIO-1 task-3] ERROR e.smartaircok.SmartAircokApplication - /device/data/2211IL0001 Exception LOGGER
[logback]2022-12-21 16:15:33 [XNIO-1 task-3] ERROR e.smartaircok.SmartAircokApplication - class java.lang.Boolean cannot be cast to class java.lang.String (java.lang.Boolean and java.lang.String are in module java.base of loader 'bootstrap')
[logback]2022-12-21 16:15:33 [XNIO-1 task-3] ERROR e.smartaircok.SmartAircokApplication - /device/data/2211IL0001 Exception LOGGER
[logback]2022-12-21 16:16:20 [XNIO-1 task-1] ERROR e.smartaircok.SmartAircokApplication - class java.lang.Boolean cannot be cast to class java.lang.String (java.lang.Boolean and java.lang.String are in module java.base of loader 'bootstrap')
[logback]2022-12-21 16:16:20 [XNIO-1 task-1] ERROR e.smartaircok.SmartAircokApplication - /device/data/2211IL0001 Exception LOGGER
[logback]2022-12-21 16:17:26 [XNIO-1 task-3] ERROR e.smartaircok.SmartAircokApplication - class java.lang.Boolean cannot be cast to class java.lang.String (java.lang.Boolean and java.lang.String are in module java.base of loader 'bootstrap')
[logback]2022-12-21 16:17:26 [XNIO-1 task-3] ERROR e.smartaircok.SmartAircokApplication - /device/data/2211IL0001 Exception LOGGER
[logback]2022-12-21 16:22:57 [XNIO-1 task-3] ERROR e.smartaircok.SmartAircokApplication - null
[logback]2022-12-21 16:22:57 [XNIO-1 task-3] ERROR e.smartaircok.SmartAircokApplication - /device/data/2211IL0001 Exception LOGGER
[logback]2022-12-21 16:22:58 [XNIO-1 task-2] ERROR e.smartaircok.SmartAircokApplication - null
[logback]2022-12-21 16:22:58 [XNIO-1 task-2] ERROR e.smartaircok.SmartAircokApplication - /device/data/2211IL0001 Exception LOGGER
[logback]2022-12-21 16:23:04 [XNIO-1 task-2] ERROR e.smartaircok.SmartAircokApplication - null
[logback]2022-12-21 16:23:04 [XNIO-1 task-2] ERROR e.smartaircok.SmartAircokApplication - /device/data/2211IL0001 Exception LOGGER
[logback]2022-12-21 16:23:04 [XNIO-1 task-2] ERROR e.smartaircok.SmartAircokApplication - null
[logback]2022-12-21 16:23:04 [XNIO-1 task-2] ERROR e.smartaircok.SmartAircokApplication - /device/data/2211IL0001 Exception LOGGER
[logback]2022-12-21 16:23:06 [XNIO-1 task-2] ERROR e.smartaircok.SmartAircokApplication - null
[logback]2022-12-21 16:23:06 [XNIO-1 task-2] ERROR e.smartaircok.SmartAircokApplication - /device/data/2211IL0001 Exception LOGGER
[logback]2022-12-21 16:23:06 [XNIO-1 task-2] ERROR e.smartaircok.SmartAircokApplication - null
[logback]2022-12-21 16:23:06 [XNIO-1 task-2] ERROR e.smartaircok.SmartAircokApplication - /device/data/2211IL0001 Exception LOGGER
[logback]2022-12-21 16:23:32 [XNIO-1 task-3] ERROR e.smartaircok.SmartAircokApplication - null
[logback]2022-12-21 16:23:32 [XNIO-1 task-3] ERROR e.smartaircok.SmartAircokApplication - /device/data/2211IL0001 Exception LOGGER
[logback]2022-12-21 16:44:50 [XNIO-1 task-1] ERROR e.smartaircok.SmartAircokApplication - 
### Error querying database.  Cause: org.postgresql.util.PSQLException: 오류: "sn" 이름의 칼럼은 없습니다
  Position: 12
### The error may exist in file [D:\git\SmartAircok\SmartAircok\target\classes\egovframework\mapper\let\smartaircok\SmartAircokWeb_SQL_postgresql.xml]
### The error may involve smartaircokWeb.selectDeviceData-Inline
### The error occurred while setting parameters
### SQL: SELECT     sn,                     ?        ,            ?        ,            ?        ,            ?        ,            ?        ,            ?        ,            ?        ,            ?        ,            ?        ,            ?            FROM (    SELECT *    FROM aircok_device.dvc_2211IL0001    ORDER BY data_reg_dt DESC    LIMIT 10   ) A   ORDER BY data_reg_dt;
### Cause: org.postgresql.util.PSQLException: 오류: "sn" 이름의 칼럼은 없습니다
  Position: 12
; bad SQL grammar []; nested exception is org.postgresql.util.PSQLException: 오류: "sn" 이름의 칼럼은 없습니다
  Position: 12
[logback]2022-12-21 16:44:50 [XNIO-1 task-1] ERROR e.smartaircok.SmartAircokApplication - /device/data/2211IL0001 Exception LOGGER
[logback]2022-12-21 16:55:15 [XNIO-2 task-1] ERROR e.smartaircok.SmartAircokApplication - 
### Error querying database.  Cause: org.postgresql.util.PSQLException: 오류: COALESCE 자료형 character varying 와 integer 는 서로 매치되지 않습니다
  Position: 60
### The error may exist in file [D:\git\SmartAircok\SmartAircok\target\classes\egovframework\mapper\let\smartaircok\SmartAircokWeb_SQL_postgresql.xml]
### The error may involve smartaircokWeb.selectDeviceData-Inline
### The error occurred while setting parameters
### SQL: SELECT     data_reg_dt,                     COALESCE(pm10, 0)        ,            COALESCE(co2, 0)        ,            COALESCE(pm1, 0)        ,            COALESCE(reserve2, 0)        ,            COALESCE(pm25, 0)        ,            COALESCE(reserve5, 0)        ,            COALESCE(reserve1, 0)        ,            COALESCE(hcho, 0)        ,            COALESCE(tem, 0)        ,            COALESCE(co, 0)            FROM (    SELECT *    FROM aircok_device.dvc_2211IL0001    ORDER BY data_reg_dt DESC    LIMIT 10   ) A   ORDER BY data_reg_dt;
### Cause: org.postgresql.util.PSQLException: 오류: COALESCE 자료형 character varying 와 integer 는 서로 매치되지 않습니다
  Position: 60
; bad SQL grammar []; nested exception is org.postgresql.util.PSQLException: 오류: COALESCE 자료형 character varying 와 integer 는 서로 매치되지 않습니다
  Position: 60
[logback]2022-12-21 16:55:15 [XNIO-2 task-1] ERROR e.smartaircok.SmartAircokApplication - /device/data/2211IL0001 Exception LOGGER
[logback]2022-12-21 16:55:15 [XNIO-2 task-1] ERROR e.smartaircok.SmartAircokApplication - 
### Error querying database.  Cause: org.postgresql.util.PSQLException: 오류: COALESCE 자료형 character varying 와 integer 는 서로 매치되지 않습니다
  Position: 60
### The error may exist in file [D:\git\SmartAircok\SmartAircok\target\classes\egovframework\mapper\let\smartaircok\SmartAircokWeb_SQL_postgresql.xml]
### The error may involve smartaircokWeb.selectDeviceData-Inline
### The error occurred while setting parameters
### SQL: SELECT     data_reg_dt,                     COALESCE(pm10, 0)        ,            COALESCE(co2, 0)        ,            COALESCE(pm1, 0)        ,            COALESCE(reserve2, 0)        ,            COALESCE(pm25, 0)        ,            COALESCE(reserve5, 0)        ,            COALESCE(reserve1, 0)        ,            COALESCE(hcho, 0)        ,            COALESCE(tem, 0)        ,            COALESCE(co, 0)            FROM (    SELECT *    FROM aircok_device.dvc_2211IL0001    ORDER BY data_reg_dt DESC    LIMIT 10   ) A   ORDER BY data_reg_dt;
### Cause: org.postgresql.util.PSQLException: 오류: COALESCE 자료형 character varying 와 integer 는 서로 매치되지 않습니다
  Position: 60
; bad SQL grammar []; nested exception is org.postgresql.util.PSQLException: 오류: COALESCE 자료형 character varying 와 integer 는 서로 매치되지 않습니다
  Position: 60
[logback]2022-12-21 16:55:15 [XNIO-2 task-1] ERROR e.smartaircok.SmartAircokApplication - /device/data/2211IL0001 Exception LOGGER
[logback]2022-12-21 17:07:52 [XNIO-6 task-1] ERROR e.smartaircok.SmartAircokApplication - 
### Error querying database.  Cause: org.postgresql.util.PSQLException: 오류: 연산자 없음: integer == integer
  Hint: 지정된 이름 및 인자 형식과 일치하는 연산자가 없습니다. 명시적 형변환자를 추가해야 할 수도 있습니다.
  Position: 89
### The error may exist in file [D:\git\SmartAircok\SmartAircok\target\classes\egovframework\mapper\let\smartaircok\SmartAircokWeb_SQL_postgresql.xml]
### The error may involve smartaircokWeb.selectDeviceData-Inline
### The error occurred while setting parameters
### SQL: SELECT     data_reg_dt,                     COALESCE(            CASE WHEN LENGTH(pm10) == 0             THEN NULL             ELSE pm10            END, '0') as pm10        ,            COALESCE(            CASE WHEN LENGTH(co2) == 0             THEN NULL             ELSE co2            END, '0') as co2        ,            COALESCE(            CASE WHEN LENGTH(pm1) == 0             THEN NULL             ELSE pm1            END, '0') as pm1        ,            COALESCE(            CASE WHEN LENGTH(reserve2) == 0             THEN NULL             ELSE reserve2            END, '0') as reserve2        ,            COALESCE(            CASE WHEN LENGTH(pm25) == 0             THEN NULL             ELSE pm25            END, '0') as pm25        ,            COALESCE(            CASE WHEN LENGTH(reserve5) == 0             THEN NULL             ELSE reserve5            END, '0') as reserve5        ,            COALESCE(            CASE WHEN LENGTH(reserve1) == 0             THEN NULL             ELSE reserve1            END, '0') as reserve1        ,            COALESCE(            CASE WHEN LENGTH(hcho) == 0             THEN NULL             ELSE hcho            END, '0') as hcho        ,            COALESCE(            CASE WHEN LENGTH(tem) == 0             THEN NULL             ELSE tem            END, '0') as tem        ,            COALESCE(            CASE WHEN LENGTH(co) == 0             THEN NULL             ELSE co            END, '0') as co            FROM (    SELECT *    FROM aircok_device.dvc_2211IL0001    ORDER BY data_reg_dt DESC    LIMIT 10   ) A   ORDER BY data_reg_dt;
### Cause: org.postgresql.util.PSQLException: 오류: 연산자 없음: integer == integer
  Hint: 지정된 이름 및 인자 형식과 일치하는 연산자가 없습니다. 명시적 형변환자를 추가해야 할 수도 있습니다.
  Position: 89
; bad SQL grammar []; nested exception is org.postgresql.util.PSQLException: 오류: 연산자 없음: integer == integer
  Hint: 지정된 이름 및 인자 형식과 일치하는 연산자가 없습니다. 명시적 형변환자를 추가해야 할 수도 있습니다.
  Position: 89
[logback]2022-12-21 17:07:52 [XNIO-6 task-1] ERROR e.smartaircok.SmartAircokApplication - /device/data/2211IL0001 Exception LOGGER
[logback]2022-12-21 17:07:52 [XNIO-6 task-1] ERROR e.smartaircok.SmartAircokApplication - 
### Error querying database.  Cause: org.postgresql.util.PSQLException: 오류: 연산자 없음: integer == integer
  Hint: 지정된 이름 및 인자 형식과 일치하는 연산자가 없습니다. 명시적 형변환자를 추가해야 할 수도 있습니다.
  Position: 89
### The error may exist in file [D:\git\SmartAircok\SmartAircok\target\classes\egovframework\mapper\let\smartaircok\SmartAircokWeb_SQL_postgresql.xml]
### The error may involve smartaircokWeb.selectDeviceData-Inline
### The error occurred while setting parameters
### SQL: SELECT     data_reg_dt,                     COALESCE(            CASE WHEN LENGTH(pm10) == 0             THEN NULL             ELSE pm10            END, '0') as pm10        ,            COALESCE(            CASE WHEN LENGTH(co2) == 0             THEN NULL             ELSE co2            END, '0') as co2        ,            COALESCE(            CASE WHEN LENGTH(pm1) == 0             THEN NULL             ELSE pm1            END, '0') as pm1        ,            COALESCE(            CASE WHEN LENGTH(reserve2) == 0             THEN NULL             ELSE reserve2            END, '0') as reserve2        ,            COALESCE(            CASE WHEN LENGTH(pm25) == 0             THEN NULL             ELSE pm25            END, '0') as pm25        ,            COALESCE(            CASE WHEN LENGTH(reserve5) == 0             THEN NULL             ELSE reserve5            END, '0') as reserve5        ,            COALESCE(            CASE WHEN LENGTH(reserve1) == 0             THEN NULL             ELSE reserve1            END, '0') as reserve1        ,            COALESCE(            CASE WHEN LENGTH(hcho) == 0             THEN NULL             ELSE hcho            END, '0') as hcho        ,            COALESCE(            CASE WHEN LENGTH(tem) == 0             THEN NULL             ELSE tem            END, '0') as tem        ,            COALESCE(            CASE WHEN LENGTH(co) == 0             THEN NULL             ELSE co            END, '0') as co            FROM (    SELECT *    FROM aircok_device.dvc_2211IL0001    ORDER BY data_reg_dt DESC    LIMIT 10   ) A   ORDER BY data_reg_dt;
### Cause: org.postgresql.util.PSQLException: 오류: 연산자 없음: integer == integer
  Hint: 지정된 이름 및 인자 형식과 일치하는 연산자가 없습니다. 명시적 형변환자를 추가해야 할 수도 있습니다.
  Position: 89
; bad SQL grammar []; nested exception is org.postgresql.util.PSQLException: 오류: 연산자 없음: integer == integer
  Hint: 지정된 이름 및 인자 형식과 일치하는 연산자가 없습니다. 명시적 형변환자를 추가해야 할 수도 있습니다.
  Position: 89
[logback]2022-12-21 17:07:52 [XNIO-6 task-1] ERROR e.smartaircok.SmartAircokApplication - /device/data/2211IL0001 Exception LOGGER
