[logback]2023-01-06 09:25:56 [restartedMain] INFO  e.com.cmm.filter.SimpleCORSFilter - SimpleCORSFilter init
[logback]2023-01-06 09:26:05 [XNIO-1 task-1] INFO  e.s.l.web.SmartAircokLoginController - ------------------------------INFO  LOGGER------------------------------
[logback]2023-01-06 09:26:05 [XNIO-1 task-1] INFO  e.s.l.web.SmartAircokLoginController -    /login/user Access Logger INFO
[logback]2023-01-06 09:26:05 [XNIO-1 task-1] INFO  e.s.l.web.SmartAircokLoginController -     Access IP : 0:0:0:0:0:0:0:1
[logback]2023-01-06 09:26:05 [XNIO-1 task-1] INFO  e.s.l.web.SmartAircokLoginController - ------------------------------------------------------------------------
[logback]2023-01-06 09:26:05 [XNIO-1 task-2] INFO  e.s.web.web.SmartAircokWebController - /device/latests api call
[logback]2023-01-06 09:26:05 [XNIO-1 task-2] INFO  e.s.web.web.SmartAircokWebController - /device/latests api call
[logback]2023-01-06 09:34:48 [XNIO-1 task-2] INFO  e.s.l.web.SmartAircokLoginController - ------------------------------INFO  LOGGER------------------------------
[logback]2023-01-06 09:34:48 [XNIO-1 task-2] INFO  e.s.l.web.SmartAircokLoginController -    /login/user Access Logger INFO
[logback]2023-01-06 09:34:48 [XNIO-1 task-2] INFO  e.s.l.web.SmartAircokLoginController -     Access IP : 0:0:0:0:0:0:0:1
[logback]2023-01-06 09:34:48 [XNIO-1 task-2] INFO  e.s.l.web.SmartAircokLoginController - ------------------------------------------------------------------------
[logback]2023-01-06 09:34:48 [XNIO-1 task-2] INFO  e.s.web.web.SmartAircokWebController - /device/latests api call
[logback]2023-01-06 09:34:48 [XNIO-1 task-2] INFO  e.s.web.web.SmartAircokWebController - /device/latests api call
[logback]2023-01-06 09:43:11 [XNIO-1 task-2] INFO  e.s.web.web.SmartAircokWebController - /device/latests api call
[logback]2023-01-06 09:43:22 [XNIO-1 task-2] INFO  e.s.l.web.SmartAircokLoginController - ------------------------------INFO  LOGGER------------------------------
[logback]2023-01-06 09:43:22 [XNIO-1 task-2] INFO  e.s.l.web.SmartAircokLoginController -    /login/user Access Logger INFO
[logback]2023-01-06 09:43:22 [XNIO-1 task-2] INFO  e.s.l.web.SmartAircokLoginController -     Access IP : 0:0:0:0:0:0:0:1
[logback]2023-01-06 09:43:22 [XNIO-1 task-2] INFO  e.s.l.web.SmartAircokLoginController - ------------------------------------------------------------------------
[logback]2023-01-06 09:43:22 [XNIO-1 task-1] INFO  e.s.web.web.SmartAircokWebController - /device/latests api call
[logback]2023-01-06 09:43:22 [XNIO-1 task-1] INFO  e.s.web.web.SmartAircokWebController - /device/latests api call
[logback]2023-01-06 10:00:07 [XNIO-1 task-1] INFO  e.s.l.web.SmartAircokLoginController - ------------------------------INFO  LOGGER------------------------------
[logback]2023-01-06 10:00:07 [XNIO-1 task-1] INFO  e.s.l.web.SmartAircokLoginController -    /login/user Access Logger INFO
[logback]2023-01-06 10:00:07 [XNIO-1 task-1] INFO  e.s.l.web.SmartAircokLoginController -     Access IP : 0:0:0:0:0:0:0:1
[logback]2023-01-06 10:00:07 [XNIO-1 task-1] INFO  e.s.l.web.SmartAircokLoginController - ------------------------------------------------------------------------
[logback]2023-01-06 10:00:07 [XNIO-1 task-2] INFO  e.s.web.web.SmartAircokWebController - /device/latests api call
[logback]2023-01-06 10:00:07 [XNIO-1 task-2] INFO  e.s.web.web.SmartAircokWebController - /device/latests api call
[logback]2023-01-06 10:55:03 [XNIO-1 task-2] INFO  e.s.l.web.SmartAircokLoginController - ------------------------------INFO  LOGGER------------------------------
[logback]2023-01-06 10:55:03 [XNIO-1 task-2] INFO  e.s.l.web.SmartAircokLoginController -    /login/user Access Logger INFO
[logback]2023-01-06 10:55:03 [XNIO-1 task-2] INFO  e.s.l.web.SmartAircokLoginController -     Access IP : 0:0:0:0:0:0:0:1
[logback]2023-01-06 10:55:03 [XNIO-1 task-2] INFO  e.s.l.web.SmartAircokLoginController - ------------------------------------------------------------------------
[logback]2023-01-06 10:55:03 [XNIO-1 task-1] INFO  e.s.web.web.SmartAircokWebController - /device/latests api call
[logback]2023-01-06 10:55:03 [XNIO-1 task-1] INFO  e.s.web.web.SmartAircokWebController - /device/latests api call
[logback]2023-01-06 11:08:34 [XNIO-1 task-2] INFO  e.s.web.web.SmartAircokWebController - /device/latests api call
[logback]2023-01-06 11:08:34 [XNIO-1 task-2] INFO  e.s.web.web.SmartAircokWebController - /device/latests api call
[logback]2023-01-06 11:08:55 [XNIO-1 task-2] INFO  e.s.l.web.SmartAircokLoginController - ------------------------------INFO  LOGGER------------------------------
[logback]2023-01-06 11:08:55 [XNIO-1 task-2] INFO  e.s.l.web.SmartAircokLoginController -    /login/user Access Logger INFO
[logback]2023-01-06 11:08:55 [XNIO-1 task-2] INFO  e.s.l.web.SmartAircokLoginController -     Access IP : 0:0:0:0:0:0:0:1
[logback]2023-01-06 11:08:55 [XNIO-1 task-2] INFO  e.s.l.web.SmartAircokLoginController - ------------------------------------------------------------------------
[logback]2023-01-06 11:08:55 [XNIO-1 task-1] INFO  e.s.web.web.SmartAircokWebController - /device/latests api call
[logback]2023-01-06 11:08:55 [XNIO-1 task-1] INFO  e.s.web.web.SmartAircokWebController - /device/latests api call
[logback]2023-01-06 11:10:36 [XNIO-1 task-1] INFO  e.s.l.web.SmartAircokLoginController - ------------------------------INFO  LOGGER------------------------------
[logback]2023-01-06 11:10:36 [XNIO-1 task-1] INFO  e.s.l.web.SmartAircokLoginController -    /login/user Access Logger INFO
[logback]2023-01-06 11:10:36 [XNIO-1 task-1] INFO  e.s.l.web.SmartAircokLoginController -     Access IP : 0:0:0:0:0:0:0:1
[logback]2023-01-06 11:10:36 [XNIO-1 task-1] INFO  e.s.l.web.SmartAircokLoginController - ------------------------------------------------------------------------
[logback]2023-01-06 11:10:36 [XNIO-1 task-1] INFO  e.s.web.web.SmartAircokWebController - /device/latests api call
[logback]2023-01-06 11:10:36 [XNIO-1 task-1] INFO  e.s.web.web.SmartAircokWebController - /device/latests api call
[logback]2023-01-06 11:12:01 [XNIO-1 task-1] INFO  e.s.l.web.SmartAircokLoginController - ------------------------------INFO  LOGGER------------------------------
[logback]2023-01-06 11:12:01 [XNIO-1 task-1] INFO  e.s.l.web.SmartAircokLoginController -    /login/user Access Logger INFO
[logback]2023-01-06 11:12:01 [XNIO-1 task-1] INFO  e.s.l.web.SmartAircokLoginController -     Access IP : 0:0:0:0:0:0:0:1
[logback]2023-01-06 11:12:01 [XNIO-1 task-1] INFO  e.s.l.web.SmartAircokLoginController - ------------------------------------------------------------------------
[logback]2023-01-06 11:12:01 [XNIO-1 task-2] INFO  e.s.web.web.SmartAircokWebController - /device/latests api call
[logback]2023-01-06 11:12:01 [XNIO-1 task-2] INFO  e.s.web.web.SmartAircokWebController - /device/latests api call
[logback]2023-01-06 11:12:59 [XNIO-1 task-2] INFO  e.s.l.web.SmartAircokLoginController - ------------------------------INFO  LOGGER------------------------------
[logback]2023-01-06 11:12:59 [XNIO-1 task-2] INFO  e.s.l.web.SmartAircokLoginController -    /login/user Access Logger INFO
[logback]2023-01-06 11:12:59 [XNIO-1 task-2] INFO  e.s.l.web.SmartAircokLoginController -     Access IP : 0:0:0:0:0:0:0:1
[logback]2023-01-06 11:12:59 [XNIO-1 task-2] INFO  e.s.l.web.SmartAircokLoginController - ------------------------------------------------------------------------
[logback]2023-01-06 11:12:59 [XNIO-1 task-1] INFO  e.s.web.web.SmartAircokWebController - /device/latests api call
[logback]2023-01-06 11:12:59 [XNIO-1 task-1] INFO  e.s.web.web.SmartAircokWebController - /device/latests api call
[logback]2023-01-06 11:13:32 [XNIO-1 task-1] INFO  e.s.l.web.SmartAircokLoginController - ------------------------------INFO  LOGGER------------------------------
[logback]2023-01-06 11:13:32 [XNIO-1 task-1] INFO  e.s.l.web.SmartAircokLoginController -    /login/user Access Logger INFO
[logback]2023-01-06 11:13:32 [XNIO-1 task-1] INFO  e.s.l.web.SmartAircokLoginController -     Access IP : 0:0:0:0:0:0:0:1
[logback]2023-01-06 11:13:32 [XNIO-1 task-1] INFO  e.s.l.web.SmartAircokLoginController - ------------------------------------------------------------------------
[logback]2023-01-06 11:13:32 [XNIO-1 task-1] INFO  e.s.web.web.SmartAircokWebController - /device/latests api call
[logback]2023-01-06 11:13:32 [XNIO-1 task-1] INFO  e.s.web.web.SmartAircokWebController - /device/latests api call
[logback]2023-01-06 11:15:07 [XNIO-1 task-1] INFO  e.s.l.web.SmartAircokLoginController - ------------------------------INFO  LOGGER------------------------------
[logback]2023-01-06 11:15:07 [XNIO-1 task-1] INFO  e.s.l.web.SmartAircokLoginController -    /login/user Access Logger INFO
[logback]2023-01-06 11:15:07 [XNIO-1 task-1] INFO  e.s.l.web.SmartAircokLoginController -     Access IP : 0:0:0:0:0:0:0:1
[logback]2023-01-06 11:15:07 [XNIO-1 task-1] INFO  e.s.l.web.SmartAircokLoginController - ------------------------------------------------------------------------
[logback]2023-01-06 11:15:07 [XNIO-1 task-2] INFO  e.s.web.web.SmartAircokWebController - /device/latests api call
[logback]2023-01-06 11:15:07 [XNIO-1 task-2] INFO  e.s.web.web.SmartAircokWebController - /device/latests api call
[logback]2023-01-06 11:16:06 [XNIO-1 task-2] INFO  e.s.l.web.SmartAircokLoginController - ------------------------------INFO  LOGGER------------------------------
[logback]2023-01-06 11:16:06 [XNIO-1 task-2] INFO  e.s.l.web.SmartAircokLoginController -    /login/user Access Logger INFO
[logback]2023-01-06 11:16:06 [XNIO-1 task-2] INFO  e.s.l.web.SmartAircokLoginController -     Access IP : 0:0:0:0:0:0:0:1
[logback]2023-01-06 11:16:06 [XNIO-1 task-2] INFO  e.s.l.web.SmartAircokLoginController - ------------------------------------------------------------------------
[logback]2023-01-06 11:16:06 [XNIO-1 task-2] INFO  e.s.web.web.SmartAircokWebController - /device/latests api call
[logback]2023-01-06 11:16:06 [XNIO-1 task-2] INFO  e.s.web.web.SmartAircokWebController - /device/latests api call
[logback]2023-01-06 11:19:25 [XNIO-1 task-2] INFO  e.s.l.web.SmartAircokLoginController - ------------------------------INFO  LOGGER------------------------------
[logback]2023-01-06 11:19:25 [XNIO-1 task-2] INFO  e.s.l.web.SmartAircokLoginController -    /login/user Access Logger INFO
[logback]2023-01-06 11:19:25 [XNIO-1 task-2] INFO  e.s.l.web.SmartAircokLoginController -     Access IP : 0:0:0:0:0:0:0:1
[logback]2023-01-06 11:19:25 [XNIO-1 task-2] INFO  e.s.l.web.SmartAircokLoginController - ------------------------------------------------------------------------
[logback]2023-01-06 11:19:25 [XNIO-1 task-1] INFO  e.s.web.web.SmartAircokWebController - /device/latests api call
[logback]2023-01-06 11:19:25 [XNIO-1 task-1] INFO  e.s.web.web.SmartAircokWebController - /device/latests api call
[logback]2023-01-06 11:33:25 [XNIO-1 task-1] INFO  e.s.l.web.SmartAircokLoginController - ------------------------------INFO  LOGGER------------------------------
[logback]2023-01-06 11:33:25 [XNIO-1 task-1] INFO  e.s.l.web.SmartAircokLoginController -    /login/user Access Logger INFO
[logback]2023-01-06 11:33:25 [XNIO-1 task-1] INFO  e.s.l.web.SmartAircokLoginController -     Access IP : 0:0:0:0:0:0:0:1
[logback]2023-01-06 11:33:25 [XNIO-1 task-1] INFO  e.s.l.web.SmartAircokLoginController - ------------------------------------------------------------------------
[logback]2023-01-06 11:33:25 [XNIO-1 task-2] INFO  e.s.web.web.SmartAircokWebController - /device/latests api call
[logback]2023-01-06 11:33:25 [XNIO-1 task-2] INFO  e.s.web.web.SmartAircokWebController - /device/latests api call
[logback]2023-01-06 11:34:33 [XNIO-1 task-2] INFO  e.s.l.web.SmartAircokLoginController - ------------------------------INFO  LOGGER------------------------------
[logback]2023-01-06 11:34:33 [XNIO-1 task-2] INFO  e.s.l.web.SmartAircokLoginController -    /login/user Access Logger INFO
[logback]2023-01-06 11:34:33 [XNIO-1 task-2] INFO  e.s.l.web.SmartAircokLoginController -     Access IP : 0:0:0:0:0:0:0:1
[logback]2023-01-06 11:34:33 [XNIO-1 task-2] INFO  e.s.l.web.SmartAircokLoginController - ------------------------------------------------------------------------
[logback]2023-01-06 11:34:33 [XNIO-1 task-2] INFO  e.s.web.web.SmartAircokWebController - /device/latests api call
[logback]2023-01-06 11:34:33 [XNIO-1 task-2] INFO  e.s.web.web.SmartAircokWebController - /device/latests api call
[logback]2023-01-06 11:40:53 [XNIO-1 task-2] INFO  e.s.l.web.SmartAircokLoginController - ------------------------------INFO  LOGGER------------------------------
[logback]2023-01-06 11:40:53 [XNIO-1 task-2] INFO  e.s.l.web.SmartAircokLoginController -    /login/user Access Logger INFO
[logback]2023-01-06 11:40:53 [XNIO-1 task-2] INFO  e.s.l.web.SmartAircokLoginController -     Access IP : 0:0:0:0:0:0:0:1
[logback]2023-01-06 11:40:53 [XNIO-1 task-2] INFO  e.s.l.web.SmartAircokLoginController - ------------------------------------------------------------------------
[logback]2023-01-06 11:40:53 [XNIO-1 task-1] INFO  e.s.web.web.SmartAircokWebController - /device/latests api call
[logback]2023-01-06 11:40:53 [XNIO-1 task-1] INFO  e.s.web.web.SmartAircokWebController - /device/latests api call
[logback]2023-01-06 11:48:44 [XNIO-1 task-2] INFO  e.s.web.web.SmartAircokWebController - /device/latests api call
[logback]2023-01-06 11:48:44 [XNIO-1 task-2] INFO  e.s.web.web.SmartAircokWebController - /device/latests api call
[logback]2023-01-06 13:42:30 [XNIO-1 task-2] INFO  e.s.l.web.SmartAircokLoginController - ------------------------------INFO  LOGGER------------------------------
[logback]2023-01-06 13:42:30 [XNIO-1 task-2] INFO  e.s.l.web.SmartAircokLoginController -    /login/user Access Logger INFO
[logback]2023-01-06 13:42:30 [XNIO-1 task-2] INFO  e.s.l.web.SmartAircokLoginController -     Access IP : 0:0:0:0:0:0:0:1
[logback]2023-01-06 13:42:30 [XNIO-1 task-2] INFO  e.s.l.web.SmartAircokLoginController - ------------------------------------------------------------------------
[logback]2023-01-06 13:42:30 [XNIO-1 task-1] INFO  e.s.web.web.SmartAircokWebController - /device/latests api call
[logback]2023-01-06 13:42:30 [XNIO-1 task-1] INFO  e.s.web.web.SmartAircokWebController - /device/latests api call
[logback]2023-01-06 13:54:12 [XNIO-1 task-1] INFO  e.s.web.web.SmartAircokWebController - /device/latests api call
[logback]2023-01-06 13:54:12 [XNIO-1 task-1] INFO  e.s.web.web.SmartAircokWebController - /device/latests api call
[logback]2023-01-06 14:11:53 [XNIO-1 task-2] INFO  e.s.web.web.SmartAircokWebController - /device/latests api call
[logback]2023-01-06 14:11:53 [XNIO-1 task-2] INFO  e.s.web.web.SmartAircokWebController - /device/latests api call
[logback]2023-01-06 14:17:28 [XNIO-1 task-2] INFO  e.s.l.web.SmartAircokLoginController - ------------------------------INFO  LOGGER------------------------------
[logback]2023-01-06 14:17:28 [XNIO-1 task-2] INFO  e.s.l.web.SmartAircokLoginController -    /login/user Access Logger INFO
[logback]2023-01-06 14:17:28 [XNIO-1 task-2] INFO  e.s.l.web.SmartAircokLoginController -     Access IP : 0:0:0:0:0:0:0:1
[logback]2023-01-06 14:17:28 [XNIO-1 task-2] INFO  e.s.l.web.SmartAircokLoginController - ------------------------------------------------------------------------
[logback]2023-01-06 14:17:28 [XNIO-1 task-1] INFO  e.s.web.web.SmartAircokWebController - /device/latests api call
[logback]2023-01-06 14:17:28 [XNIO-1 task-1] INFO  e.s.web.web.SmartAircokWebController - /device/latests api call
[logback]2023-01-06 14:17:40 [XNIO-1 task-1] INFO  e.s.l.web.SmartAircokLoginController - ------------------------------INFO  LOGGER------------------------------
[logback]2023-01-06 14:17:40 [XNIO-1 task-1] INFO  e.s.l.web.SmartAircokLoginController -    /login/user Access Logger INFO
[logback]2023-01-06 14:17:40 [XNIO-1 task-1] INFO  e.s.l.web.SmartAircokLoginController -     Access IP : 0:0:0:0:0:0:0:1
[logback]2023-01-06 14:17:40 [XNIO-1 task-1] INFO  e.s.l.web.SmartAircokLoginController - ------------------------------------------------------------------------
[logback]2023-01-06 14:17:40 [XNIO-1 task-2] INFO  e.s.web.web.SmartAircokWebController - /device/latests api call
[logback]2023-01-06 14:17:40 [XNIO-1 task-2] INFO  e.s.web.web.SmartAircokWebController - /device/latests api call
[logback]2023-01-06 14:18:21 [XNIO-1 task-2] INFO  e.s.l.web.SmartAircokLoginController - ------------------------------INFO  LOGGER------------------------------
[logback]2023-01-06 14:18:21 [XNIO-1 task-2] INFO  e.s.l.web.SmartAircokLoginController -    /login/user Access Logger INFO
[logback]2023-01-06 14:18:21 [XNIO-1 task-2] INFO  e.s.l.web.SmartAircokLoginController -     Access IP : 0:0:0:0:0:0:0:1
[logback]2023-01-06 14:18:21 [XNIO-1 task-2] INFO  e.s.l.web.SmartAircokLoginController - ------------------------------------------------------------------------
[logback]2023-01-06 14:18:21 [XNIO-1 task-2] INFO  e.s.web.web.SmartAircokWebController - /device/latests api call
[logback]2023-01-06 14:18:21 [XNIO-1 task-2] INFO  e.s.web.web.SmartAircokWebController - /device/latests api call
[logback]2023-01-06 14:19:18 [XNIO-1 task-2] INFO  e.s.l.web.SmartAircokLoginController - ------------------------------INFO  LOGGER------------------------------
[logback]2023-01-06 14:19:18 [XNIO-1 task-2] INFO  e.s.l.web.SmartAircokLoginController -    /login/user Access Logger INFO
[logback]2023-01-06 14:19:18 [XNIO-1 task-2] INFO  e.s.l.web.SmartAircokLoginController -     Access IP : 0:0:0:0:0:0:0:1
[logback]2023-01-06 14:19:18 [XNIO-1 task-2] INFO  e.s.l.web.SmartAircokLoginController - ------------------------------------------------------------------------
[logback]2023-01-06 14:19:18 [XNIO-1 task-1] INFO  e.s.web.web.SmartAircokWebController - /device/latests api call
[logback]2023-01-06 14:19:18 [XNIO-1 task-1] INFO  e.s.web.web.SmartAircokWebController - /device/latests api call
[logback]2023-01-06 14:20:10 [XNIO-1 task-1] INFO  e.s.l.web.SmartAircokLoginController - ------------------------------INFO  LOGGER------------------------------
[logback]2023-01-06 14:20:10 [XNIO-1 task-1] INFO  e.s.l.web.SmartAircokLoginController -    /login/user Access Logger INFO
[logback]2023-01-06 14:20:10 [XNIO-1 task-1] INFO  e.s.l.web.SmartAircokLoginController -     Access IP : 0:0:0:0:0:0:0:1
[logback]2023-01-06 14:20:10 [XNIO-1 task-1] INFO  e.s.l.web.SmartAircokLoginController - ------------------------------------------------------------------------
[logback]2023-01-06 14:20:10 [XNIO-1 task-2] INFO  e.s.web.web.SmartAircokWebController - /device/latests api call
[logback]2023-01-06 14:20:10 [XNIO-1 task-2] INFO  e.s.web.web.SmartAircokWebController - /device/latests api call
[logback]2023-01-06 14:20:38 [XNIO-1 task-2] INFO  e.s.web.web.SmartAircokWebController - /device/latests api call
[logback]2023-01-06 14:20:38 [XNIO-1 task-2] INFO  e.s.web.web.SmartAircokWebController - /device/latests api call
[logback]2023-01-06 14:51:05 [XNIO-1 task-2] INFO  e.s.l.web.SmartAircokLoginController - ------------------------------INFO  LOGGER------------------------------
[logback]2023-01-06 14:51:05 [XNIO-1 task-2] INFO  e.s.l.web.SmartAircokLoginController -    /login/user Access Logger INFO
[logback]2023-01-06 14:51:05 [XNIO-1 task-2] INFO  e.s.l.web.SmartAircokLoginController -     Access IP : 0:0:0:0:0:0:0:1
[logback]2023-01-06 14:51:05 [XNIO-1 task-2] INFO  e.s.l.web.SmartAircokLoginController - ------------------------------------------------------------------------
[logback]2023-01-06 14:51:05 [XNIO-1 task-2] INFO  e.s.web.web.SmartAircokWebController - /device/latests api call
[logback]2023-01-06 14:51:05 [XNIO-1 task-2] INFO  e.s.web.web.SmartAircokWebController - /device/latests api call
[logback]2023-01-06 14:54:39 [XNIO-1 task-2] INFO  e.s.l.web.SmartAircokLoginController - ------------------------------INFO  LOGGER------------------------------
[logback]2023-01-06 14:54:39 [XNIO-1 task-2] INFO  e.s.l.web.SmartAircokLoginController -    /login/user Access Logger INFO
[logback]2023-01-06 14:54:39 [XNIO-1 task-2] INFO  e.s.l.web.SmartAircokLoginController -     Access IP : 0:0:0:0:0:0:0:1
[logback]2023-01-06 14:54:39 [XNIO-1 task-2] INFO  e.s.l.web.SmartAircokLoginController - ------------------------------------------------------------------------
[logback]2023-01-06 14:54:39 [XNIO-1 task-2] INFO  e.s.web.web.SmartAircokWebController - /device/latests api call
[logback]2023-01-06 14:54:39 [XNIO-1 task-2] INFO  e.s.web.web.SmartAircokWebController - /device/latests api call
[logback]2023-01-06 15:01:29 [XNIO-1 task-2] INFO  e.s.l.web.SmartAircokLoginController - ------------------------------INFO  LOGGER------------------------------
[logback]2023-01-06 15:01:29 [XNIO-1 task-2] INFO  e.s.l.web.SmartAircokLoginController -    /login/user Access Logger INFO
[logback]2023-01-06 15:01:29 [XNIO-1 task-2] INFO  e.s.l.web.SmartAircokLoginController -     Access IP : 0:0:0:0:0:0:0:1
[logback]2023-01-06 15:01:29 [XNIO-1 task-2] INFO  e.s.l.web.SmartAircokLoginController - ------------------------------------------------------------------------
[logback]2023-01-06 15:01:29 [XNIO-1 task-2] INFO  e.s.web.web.SmartAircokWebController - /device/latests api call
[logback]2023-01-06 15:01:29 [XNIO-1 task-2] INFO  e.s.web.web.SmartAircokWebController - /device/latests api call
[logback]2023-01-06 15:03:15 [XNIO-1 task-2] INFO  e.s.l.web.SmartAircokLoginController - ------------------------------INFO  LOGGER------------------------------
[logback]2023-01-06 15:03:15 [XNIO-1 task-2] INFO  e.s.l.web.SmartAircokLoginController -    /login/user Access Logger INFO
[logback]2023-01-06 15:03:15 [XNIO-1 task-2] INFO  e.s.l.web.SmartAircokLoginController -     Access IP : 0:0:0:0:0:0:0:1
[logback]2023-01-06 15:03:15 [XNIO-1 task-2] INFO  e.s.l.web.SmartAircokLoginController - ------------------------------------------------------------------------
[logback]2023-01-06 15:03:15 [XNIO-1 task-1] INFO  e.s.web.web.SmartAircokWebController - /device/latests api call
[logback]2023-01-06 15:03:15 [XNIO-1 task-1] INFO  e.s.web.web.SmartAircokWebController - /device/latests api call
[logback]2023-01-06 15:08:20 [XNIO-1 task-1] INFO  e.s.l.web.SmartAircokLoginController - ------------------------------INFO  LOGGER------------------------------
[logback]2023-01-06 15:08:20 [XNIO-1 task-1] INFO  e.s.l.web.SmartAircokLoginController -    /login/user Access Logger INFO
[logback]2023-01-06 15:08:20 [XNIO-1 task-1] INFO  e.s.l.web.SmartAircokLoginController -     Access IP : 0:0:0:0:0:0:0:1
[logback]2023-01-06 15:08:20 [XNIO-1 task-1] INFO  e.s.l.web.SmartAircokLoginController - ------------------------------------------------------------------------
[logback]2023-01-06 15:08:20 [XNIO-1 task-2] INFO  e.s.web.web.SmartAircokWebController - /device/latests api call
[logback]2023-01-06 15:08:20 [XNIO-1 task-2] INFO  e.s.web.web.SmartAircokWebController - /device/latests api call
[logback]2023-01-06 15:20:37 [XNIO-1 task-2] INFO  e.s.l.web.SmartAircokLoginController - ------------------------------INFO  LOGGER------------------------------
[logback]2023-01-06 15:20:37 [XNIO-1 task-2] INFO  e.s.l.web.SmartAircokLoginController -    /login/user Access Logger INFO
[logback]2023-01-06 15:20:37 [XNIO-1 task-2] INFO  e.s.l.web.SmartAircokLoginController -     Access IP : 0:0:0:0:0:0:0:1
[logback]2023-01-06 15:20:37 [XNIO-1 task-2] INFO  e.s.l.web.SmartAircokLoginController - ------------------------------------------------------------------------
[logback]2023-01-06 15:20:37 [XNIO-1 task-2] INFO  e.s.web.web.SmartAircokWebController - /device/latests api call
[logback]2023-01-06 15:20:37 [XNIO-1 task-2] INFO  e.s.web.web.SmartAircokWebController - /device/latests api call
[logback]2023-01-06 15:24:14 [XNIO-1 task-2] INFO  e.s.l.web.SmartAircokLoginController - ------------------------------INFO  LOGGER------------------------------
[logback]2023-01-06 15:24:14 [XNIO-1 task-2] INFO  e.s.l.web.SmartAircokLoginController -    /login/user Access Logger INFO
[logback]2023-01-06 15:24:14 [XNIO-1 task-2] INFO  e.s.l.web.SmartAircokLoginController -     Access IP : 0:0:0:0:0:0:0:1
[logback]2023-01-06 15:24:14 [XNIO-1 task-2] INFO  e.s.l.web.SmartAircokLoginController - ------------------------------------------------------------------------
[logback]2023-01-06 15:24:14 [XNIO-1 task-2] INFO  e.s.web.web.SmartAircokWebController - /device/latests api call
[logback]2023-01-06 15:24:14 [XNIO-1 task-2] INFO  e.s.web.web.SmartAircokWebController - /device/latests api call
[logback]2023-01-06 15:25:48 [XNIO-1 task-2] INFO  e.s.l.web.SmartAircokLoginController - ------------------------------INFO  LOGGER------------------------------
[logback]2023-01-06 15:25:48 [XNIO-1 task-2] INFO  e.s.l.web.SmartAircokLoginController -    /login/user Access Logger INFO
[logback]2023-01-06 15:25:48 [XNIO-1 task-2] INFO  e.s.l.web.SmartAircokLoginController -     Access IP : 0:0:0:0:0:0:0:1
[logback]2023-01-06 15:25:48 [XNIO-1 task-2] INFO  e.s.l.web.SmartAircokLoginController - ------------------------------------------------------------------------
[logback]2023-01-06 15:25:48 [XNIO-1 task-2] INFO  e.s.web.web.SmartAircokWebController - /device/latests api call
[logback]2023-01-06 15:25:48 [XNIO-1 task-2] INFO  e.s.web.web.SmartAircokWebController - /device/latests api call
[logback]2023-01-06 15:27:15 [XNIO-1 task-2] INFO  e.s.l.web.SmartAircokLoginController - ------------------------------INFO  LOGGER------------------------------
[logback]2023-01-06 15:27:15 [XNIO-1 task-2] INFO  e.s.l.web.SmartAircokLoginController -    /login/user Access Logger INFO
[logback]2023-01-06 15:27:15 [XNIO-1 task-2] INFO  e.s.l.web.SmartAircokLoginController -     Access IP : 0:0:0:0:0:0:0:1
[logback]2023-01-06 15:27:15 [XNIO-1 task-2] INFO  e.s.l.web.SmartAircokLoginController - ------------------------------------------------------------------------
[logback]2023-01-06 15:27:15 [XNIO-1 task-2] INFO  e.s.web.web.SmartAircokWebController - /device/latests api call
[logback]2023-01-06 15:27:15 [XNIO-1 task-2] INFO  e.s.web.web.SmartAircokWebController - /device/latests api call
