[logback]2022-12-14 10:53:17 [restartedMain] INFO  e.com.cmm.filter.SimpleCORSFilter - SimpleCORSFilter init
[logback]2022-12-14 10:54:58 [restartedMain] INFO  e.com.cmm.filter.SimpleCORSFilter - SimpleCORSFilter init
[logback]2022-12-14 10:56:44 [restartedMain] INFO  e.com.cmm.filter.SimpleCORSFilter - SimpleCORSFilter init
[logback]2022-12-14 10:56:47 [XNIO-2 task-1] INFO  e.s.l.web.SmartAircokLoginController - ------------------------------INFO  LOGGER------------------------------
[logback]2022-12-14 10:56:47 [XNIO-2 task-1] INFO  e.s.l.web.SmartAircokLoginController -    /loginprocess Access Logger INFO
[logback]2022-12-14 10:56:47 [XNIO-2 task-1] INFO  e.s.l.web.SmartAircokLoginController -     Access IP : 0:0:0:0:0:0:0:1
[logback]2022-12-14 10:56:47 [XNIO-2 task-1] INFO  e.s.l.web.SmartAircokLoginController - ------------------------------------------------------------------------
[logback]2022-12-14 10:56:47 [XNIO-2 task-1] ERROR e.s.l.web.SmartAircokLoginController - null
[logback]2022-12-14 10:56:47 [XNIO-2 task-1] ERROR e.s.l.web.SmartAircokLoginController - /loginprocess SQL Exception LOGGER
[logback]2022-12-14 10:59:21 [restartedMain] INFO  e.com.cmm.filter.SimpleCORSFilter - SimpleCORSFilter init
[logback]2022-12-14 10:59:25 [XNIO-1 task-1] INFO  e.s.l.web.SmartAircokLoginController - ------------------------------INFO  LOGGER------------------------------
[logback]2022-12-14 10:59:25 [XNIO-1 task-1] INFO  e.s.l.web.SmartAircokLoginController -    /loginprocess Access Logger INFO
[logback]2022-12-14 10:59:25 [XNIO-1 task-1] INFO  e.s.l.web.SmartAircokLoginController -     Access IP : 0:0:0:0:0:0:0:1
[logback]2022-12-14 10:59:25 [XNIO-1 task-1] INFO  e.s.l.web.SmartAircokLoginController - ------------------------------------------------------------------------
[logback]2022-12-14 10:59:26 [XNIO-1 task-1] ERROR e.s.l.web.SmartAircokLoginController - null
[logback]2022-12-14 10:59:26 [XNIO-1 task-1] ERROR e.s.l.web.SmartAircokLoginController - /loginprocess SQL Exception LOGGER
[logback]2022-12-14 10:59:34 [XNIO-1 task-1] INFO  e.s.l.web.SmartAircokLoginController - ------------------------------INFO  LOGGER------------------------------
[logback]2022-12-14 10:59:34 [XNIO-1 task-1] INFO  e.s.l.web.SmartAircokLoginController -    /loginprocess Access Logger INFO
[logback]2022-12-14 10:59:34 [XNIO-1 task-1] INFO  e.s.l.web.SmartAircokLoginController -     Access IP : 0:0:0:0:0:0:0:1
[logback]2022-12-14 10:59:34 [XNIO-1 task-1] INFO  e.s.l.web.SmartAircokLoginController - ------------------------------------------------------------------------
[logback]2022-12-14 11:21:15 [XNIO-1 task-1] ERROR e.s.l.web.SmartAircokLoginController - null
[logback]2022-12-14 11:21:15 [XNIO-1 task-1] ERROR e.s.l.web.SmartAircokLoginController - /loginprocess SQL Exception LOGGER
[logback]2022-12-14 11:21:18 [XNIO-1 task-1] INFO  e.s.l.web.SmartAircokLoginController - ------------------------------INFO  LOGGER------------------------------
[logback]2022-12-14 11:21:18 [XNIO-1 task-1] INFO  e.s.l.web.SmartAircokLoginController -    /loginprocess Access Logger INFO
[logback]2022-12-14 11:21:18 [XNIO-1 task-1] INFO  e.s.l.web.SmartAircokLoginController -     Access IP : 0:0:0:0:0:0:0:1
[logback]2022-12-14 11:21:18 [XNIO-1 task-1] INFO  e.s.l.web.SmartAircokLoginController - ------------------------------------------------------------------------
[logback]2022-12-14 11:35:51 [restartedMain] INFO  e.com.cmm.filter.SimpleCORSFilter - SimpleCORSFilter init
[logback]2022-12-14 11:35:53 [XNIO-1 task-1] INFO  e.s.l.web.SmartAircokLoginController - ------------------------------INFO  LOGGER------------------------------
[logback]2022-12-14 11:35:53 [XNIO-1 task-1] INFO  e.s.l.web.SmartAircokLoginController -    /loginprocess Access Logger INFO
[logback]2022-12-14 11:35:53 [XNIO-1 task-1] INFO  e.s.l.web.SmartAircokLoginController -     Access IP : 0:0:0:0:0:0:0:1
[logback]2022-12-14 11:35:53 [XNIO-1 task-1] INFO  e.s.l.web.SmartAircokLoginController - ------------------------------------------------------------------------
[logback]2022-12-14 13:12:45 [restartedMain] INFO  e.com.cmm.filter.SimpleCORSFilter - SimpleCORSFilter init
[logback]2022-12-14 13:12:52 [XNIO-1 task-1] INFO  e.s.l.web.SmartAircokLoginController - ------------------------------INFO  LOGGER------------------------------
[logback]2022-12-14 13:12:52 [XNIO-1 task-1] INFO  e.s.l.web.SmartAircokLoginController -    /loginprocess Access Logger INFO
[logback]2022-12-14 13:12:52 [XNIO-1 task-1] INFO  e.s.l.web.SmartAircokLoginController -     Access IP : 0:0:0:0:0:0:0:1
[logback]2022-12-14 13:12:52 [XNIO-1 task-1] INFO  e.s.l.web.SmartAircokLoginController - ------------------------------------------------------------------------
[logback]2022-12-14 13:15:00 [restartedMain] INFO  e.com.cmm.filter.SimpleCORSFilter - SimpleCORSFilter init
[logback]2022-12-14 13:15:32 [XNIO-1 task-1] INFO  e.s.l.web.SmartAircokLoginController - ------------------------------INFO  LOGGER------------------------------
[logback]2022-12-14 13:15:32 [XNIO-1 task-1] INFO  e.s.l.web.SmartAircokLoginController -    /loginprocess Access Logger INFO
[logback]2022-12-14 13:15:32 [XNIO-1 task-1] INFO  e.s.l.web.SmartAircokLoginController -     Access IP : 0:0:0:0:0:0:0:1
[logback]2022-12-14 13:15:32 [XNIO-1 task-1] INFO  e.s.l.web.SmartAircokLoginController - ------------------------------------------------------------------------
[logback]2022-12-14 13:16:21 [restartedMain] INFO  e.com.cmm.filter.SimpleCORSFilter - SimpleCORSFilter init
[logback]2022-12-14 13:17:39 [XNIO-1 task-1] INFO  e.s.l.web.SmartAircokLoginController - ------------------------------INFO  LOGGER------------------------------
[logback]2022-12-14 13:17:39 [XNIO-1 task-1] INFO  e.s.l.web.SmartAircokLoginController -    /loginprocess Access Logger INFO
[logback]2022-12-14 13:17:39 [XNIO-1 task-1] INFO  e.s.l.web.SmartAircokLoginController -     Access IP : 0:0:0:0:0:0:0:1
[logback]2022-12-14 13:17:39 [XNIO-1 task-1] INFO  e.s.l.web.SmartAircokLoginController - ------------------------------------------------------------------------
[logback]2022-12-14 13:18:43 [restartedMain] INFO  e.com.cmm.filter.SimpleCORSFilter - SimpleCORSFilter init
[logback]2022-12-14 13:18:47 [XNIO-1 task-1] INFO  e.s.l.web.SmartAircokLoginController - ------------------------------INFO  LOGGER------------------------------
[logback]2022-12-14 13:18:47 [XNIO-1 task-1] INFO  e.s.l.web.SmartAircokLoginController -    /loginprocess Access Logger INFO
[logback]2022-12-14 13:18:47 [XNIO-1 task-1] INFO  e.s.l.web.SmartAircokLoginController -     Access IP : 0:0:0:0:0:0:0:1
[logback]2022-12-14 13:18:47 [XNIO-1 task-1] INFO  e.s.l.web.SmartAircokLoginController - ------------------------------------------------------------------------
[logback]2022-12-14 13:19:10 [XNIO-1 task-1] ERROR e.s.l.web.SmartAircokLoginController - There is no PasswordEncoder mapped for the id "null"
[logback]2022-12-14 13:19:10 [XNIO-1 task-1] ERROR e.s.l.web.SmartAircokLoginController - /loginprocess Exception LOGGER
[logback]2022-12-14 13:19:36 [XNIO-1 task-1] INFO  e.s.l.web.SmartAircokLoginController - ------------------------------INFO  LOGGER------------------------------
[logback]2022-12-14 13:19:36 [XNIO-1 task-1] INFO  e.s.l.web.SmartAircokLoginController -    /loginprocess Access Logger INFO
[logback]2022-12-14 13:19:36 [XNIO-1 task-1] INFO  e.s.l.web.SmartAircokLoginController -     Access IP : 0:0:0:0:0:0:0:1
[logback]2022-12-14 13:19:36 [XNIO-1 task-1] INFO  e.s.l.web.SmartAircokLoginController - ------------------------------------------------------------------------
[logback]2022-12-14 13:19:36 [XNIO-1 task-1] ERROR e.s.l.web.SmartAircokLoginController - There is no PasswordEncoder mapped for the id "null"
[logback]2022-12-14 13:19:36 [XNIO-1 task-1] ERROR e.s.l.web.SmartAircokLoginController - /loginprocess Exception LOGGER
[logback]2022-12-14 13:19:44 [XNIO-1 task-1] INFO  e.s.l.web.SmartAircokLoginController - ------------------------------INFO  LOGGER------------------------------
[logback]2022-12-14 13:19:44 [XNIO-1 task-1] INFO  e.s.l.web.SmartAircokLoginController -    /loginprocess Access Logger INFO
[logback]2022-12-14 13:19:44 [XNIO-1 task-1] INFO  e.s.l.web.SmartAircokLoginController -     Access IP : 0:0:0:0:0:0:0:1
[logback]2022-12-14 13:19:44 [XNIO-1 task-1] INFO  e.s.l.web.SmartAircokLoginController - ------------------------------------------------------------------------
[logback]2022-12-14 13:20:26 [XNIO-1 task-1] ERROR e.s.l.web.SmartAircokLoginController - There is no PasswordEncoder mapped for the id "null"
[logback]2022-12-14 13:20:27 [XNIO-1 task-1] ERROR e.s.l.web.SmartAircokLoginController - /loginprocess Exception LOGGER
[logback]2022-12-14 13:20:56 [restartedMain] INFO  e.com.cmm.filter.SimpleCORSFilter - SimpleCORSFilter init
[logback]2022-12-14 13:20:58 [XNIO-2 task-1] INFO  e.s.l.web.SmartAircokLoginController - ------------------------------INFO  LOGGER------------------------------
[logback]2022-12-14 13:20:58 [XNIO-2 task-1] INFO  e.s.l.web.SmartAircokLoginController -    /loginprocess Access Logger INFO
[logback]2022-12-14 13:20:58 [XNIO-2 task-1] INFO  e.s.l.web.SmartAircokLoginController -     Access IP : 0:0:0:0:0:0:0:1
[logback]2022-12-14 13:20:58 [XNIO-2 task-1] INFO  e.s.l.web.SmartAircokLoginController - ------------------------------------------------------------------------
[logback]2022-12-14 13:21:37 [XNIO-2 task-1] ERROR e.s.l.web.SmartAircokLoginController - There is no PasswordEncoder mapped for the id "null"
[logback]2022-12-14 13:21:37 [XNIO-2 task-1] ERROR e.s.l.web.SmartAircokLoginController - /loginprocess Exception LOGGER
[logback]2022-12-14 13:27:48 [restartedMain] INFO  e.com.cmm.filter.SimpleCORSFilter - SimpleCORSFilter init
[logback]2022-12-14 13:27:51 [XNIO-1 task-1] INFO  e.s.l.web.SmartAircokLoginController - ------------------------------INFO  LOGGER------------------------------
[logback]2022-12-14 13:27:51 [XNIO-1 task-1] INFO  e.s.l.web.SmartAircokLoginController -    /loginprocess Access Logger INFO
[logback]2022-12-14 13:27:51 [XNIO-1 task-1] INFO  e.s.l.web.SmartAircokLoginController -     Access IP : 0:0:0:0:0:0:0:1
[logback]2022-12-14 13:27:51 [XNIO-1 task-1] INFO  e.s.l.web.SmartAircokLoginController - ------------------------------------------------------------------------
[logback]2022-12-14 13:29:25 [restartedMain] INFO  e.com.cmm.filter.SimpleCORSFilter - SimpleCORSFilter init
[logback]2022-12-14 13:29:32 [XNIO-1 task-1] INFO  e.s.l.web.SmartAircokLoginController - ------------------------------INFO  LOGGER------------------------------
[logback]2022-12-14 13:29:32 [XNIO-1 task-1] INFO  e.s.l.web.SmartAircokLoginController -    /loginprocess Access Logger INFO
[logback]2022-12-14 13:29:32 [XNIO-1 task-1] INFO  e.s.l.web.SmartAircokLoginController -     Access IP : 0:0:0:0:0:0:0:1
[logback]2022-12-14 13:29:32 [XNIO-1 task-1] INFO  e.s.l.web.SmartAircokLoginController - ------------------------------------------------------------------------
[logback]2022-12-14 13:41:13 [XNIO-1 task-2] INFO  e.s.l.web.SmartAircokLoginController - ------------------------------INFO  LOGGER------------------------------
[logback]2022-12-14 13:41:13 [XNIO-1 task-2] INFO  e.s.l.web.SmartAircokLoginController -    /loginprocess Access Logger INFO
[logback]2022-12-14 13:41:13 [XNIO-1 task-2] INFO  e.s.l.web.SmartAircokLoginController -     Access IP : 0:0:0:0:0:0:0:1
[logback]2022-12-14 13:41:13 [XNIO-1 task-2] INFO  e.s.l.web.SmartAircokLoginController - ------------------------------------------------------------------------
[logback]2022-12-14 13:41:37 [XNIO-1 task-1] ERROR e.s.l.web.SmartAircokLoginController - There is no PasswordEncoder mapped for the id "null"
[logback]2022-12-14 13:41:38 [XNIO-1 task-1] ERROR e.s.l.web.SmartAircokLoginController - /loginprocess Exception LOGGER
[logback]2022-12-14 13:45:57 [restartedMain] INFO  e.com.cmm.filter.SimpleCORSFilter - SimpleCORSFilter init
[logback]2022-12-14 13:46:33 [XNIO-1 task-1] INFO  e.s.l.web.SmartAircokLoginController - ------------------------------INFO  LOGGER------------------------------
[logback]2022-12-14 13:46:33 [XNIO-1 task-1] INFO  e.s.l.web.SmartAircokLoginController -    /loginprocess Access Logger INFO
[logback]2022-12-14 13:46:33 [XNIO-1 task-1] INFO  e.s.l.web.SmartAircokLoginController -     Access IP : 0:0:0:0:0:0:0:1
[logback]2022-12-14 13:46:33 [XNIO-1 task-1] INFO  e.s.l.web.SmartAircokLoginController - ------------------------------------------------------------------------
[logback]2022-12-14 13:47:07 [XNIO-1 task-1] ERROR e.s.l.web.SmartAircokLoginController - There is no PasswordEncoder mapped for the id "null"
[logback]2022-12-14 13:47:07 [XNIO-1 task-1] ERROR e.s.l.web.SmartAircokLoginController - /loginprocess Exception LOGGER
[logback]2022-12-14 13:47:47 [restartedMain] INFO  e.com.cmm.filter.SimpleCORSFilter - SimpleCORSFilter init
[logback]2022-12-14 13:48:50 [XNIO-1 task-1] INFO  e.s.l.web.SmartAircokLoginController - ------------------------------INFO  LOGGER------------------------------
[logback]2022-12-14 13:48:50 [XNIO-1 task-1] INFO  e.s.l.web.SmartAircokLoginController -    /loginprocess Access Logger INFO
[logback]2022-12-14 13:48:50 [XNIO-1 task-1] INFO  e.s.l.web.SmartAircokLoginController -     Access IP : 0:0:0:0:0:0:0:1
[logback]2022-12-14 13:48:50 [XNIO-1 task-1] INFO  e.s.l.web.SmartAircokLoginController - ------------------------------------------------------------------------
[logback]2022-12-14 13:55:10 [XNIO-1 task-1] ERROR e.s.l.web.SmartAircokLoginController - There is no PasswordEncoder mapped for the id "null"
[logback]2022-12-14 13:55:10 [XNIO-1 task-1] ERROR e.s.l.web.SmartAircokLoginController - /loginprocess Exception LOGGER
[logback]2022-12-14 13:55:33 [restartedMain] INFO  e.com.cmm.filter.SimpleCORSFilter - SimpleCORSFilter init
[logback]2022-12-14 13:55:41 [XNIO-2 task-1] INFO  e.s.l.web.SmartAircokLoginController - ------------------------------INFO  LOGGER------------------------------
[logback]2022-12-14 13:55:41 [XNIO-2 task-1] INFO  e.s.l.web.SmartAircokLoginController -    /loginprocess Access Logger INFO
[logback]2022-12-14 13:55:41 [XNIO-2 task-1] INFO  e.s.l.web.SmartAircokLoginController -     Access IP : 0:0:0:0:0:0:0:1
[logback]2022-12-14 13:55:41 [XNIO-2 task-1] INFO  e.s.l.web.SmartAircokLoginController - ------------------------------------------------------------------------
[logback]2022-12-14 13:56:46 [XNIO-2 task-1] ERROR e.s.l.web.SmartAircokLoginController - There is no PasswordEncoder mapped for the id "null"
[logback]2022-12-14 13:56:46 [XNIO-2 task-1] ERROR e.s.l.web.SmartAircokLoginController - /loginprocess Exception LOGGER
[logback]2022-12-14 13:59:47 [XNIO-2 task-1] INFO  e.s.l.web.SmartAircokLoginController - ------------------------------INFO  LOGGER------------------------------
[logback]2022-12-14 13:59:47 [XNIO-2 task-1] INFO  e.s.l.web.SmartAircokLoginController -    /loginprocess Access Logger INFO
[logback]2022-12-14 13:59:47 [XNIO-2 task-1] INFO  e.s.l.web.SmartAircokLoginController -     Access IP : 0:0:0:0:0:0:0:1
[logback]2022-12-14 13:59:47 [XNIO-2 task-1] INFO  e.s.l.web.SmartAircokLoginController - ------------------------------------------------------------------------
[logback]2022-12-14 14:02:31 [XNIO-2 task-1] ERROR e.s.l.web.SmartAircokLoginController - There is no PasswordEncoder mapped for the id "null"
[logback]2022-12-14 14:04:07 [restartedMain] INFO  e.com.cmm.filter.SimpleCORSFilter - SimpleCORSFilter init
[logback]2022-12-14 14:04:27 [XNIO-1 task-1] INFO  e.s.l.web.SmartAircokLoginController - ------------------------------INFO  LOGGER------------------------------
[logback]2022-12-14 14:04:27 [XNIO-1 task-1] INFO  e.s.l.web.SmartAircokLoginController -    /loginprocess Access Logger INFO
[logback]2022-12-14 14:04:27 [XNIO-1 task-1] INFO  e.s.l.web.SmartAircokLoginController -     Access IP : 0:0:0:0:0:0:0:1
[logback]2022-12-14 14:04:27 [XNIO-1 task-1] INFO  e.s.l.web.SmartAircokLoginController - ------------------------------------------------------------------------
[logback]2022-12-14 14:05:58 [XNIO-1 task-1] ERROR e.s.l.web.SmartAircokLoginController - Cannot pass null or empty values to constructor
[logback]2022-12-14 14:05:58 [XNIO-1 task-1] ERROR e.s.l.web.SmartAircokLoginController - /loginprocess Exception LOGGER
[logback]2022-12-14 14:06:13 [restartedMain] INFO  e.com.cmm.filter.SimpleCORSFilter - SimpleCORSFilter init
[logback]2022-12-14 14:06:17 [XNIO-2 task-1] INFO  e.s.l.web.SmartAircokLoginController - ------------------------------INFO  LOGGER------------------------------
[logback]2022-12-14 14:06:17 [XNIO-2 task-1] INFO  e.s.l.web.SmartAircokLoginController -    /loginprocess Access Logger INFO
[logback]2022-12-14 14:06:17 [XNIO-2 task-1] INFO  e.s.l.web.SmartAircokLoginController -     Access IP : 0:0:0:0:0:0:0:1
[logback]2022-12-14 14:06:17 [XNIO-2 task-1] INFO  e.s.l.web.SmartAircokLoginController - ------------------------------------------------------------------------
[logback]2022-12-14 14:06:39 [XNIO-2 task-1] ERROR e.s.l.web.SmartAircokLoginController - There is no PasswordEncoder mapped for the id "null"
[logback]2022-12-14 14:06:39 [XNIO-2 task-1] ERROR e.s.l.web.SmartAircokLoginController - /loginprocess Exception LOGGER
[logback]2022-12-14 14:28:34 [restartedMain] INFO  e.com.cmm.filter.SimpleCORSFilter - SimpleCORSFilter init
[logback]2022-12-14 14:31:45 [restartedMain] INFO  e.com.cmm.filter.SimpleCORSFilter - SimpleCORSFilter init
[logback]2022-12-14 14:31:50 [XNIO-1 task-1] INFO  e.s.l.web.SmartAircokLoginController - ------------------------------INFO  LOGGER------------------------------
[logback]2022-12-14 14:31:50 [XNIO-1 task-1] INFO  e.s.l.web.SmartAircokLoginController -    /loginprocess Access Logger INFO
[logback]2022-12-14 14:31:50 [XNIO-1 task-1] INFO  e.s.l.web.SmartAircokLoginController -     Access IP : 0:0:0:0:0:0:0:1
[logback]2022-12-14 14:31:50 [XNIO-1 task-1] INFO  e.s.l.web.SmartAircokLoginController - ------------------------------------------------------------------------
[logback]2022-12-14 14:37:25 [restartedMain] INFO  e.com.cmm.filter.SimpleCORSFilter - SimpleCORSFilter init
[logback]2022-12-14 14:37:30 [XNIO-1 task-1] INFO  e.s.l.web.SmartAircokLoginController - ------------------------------INFO  LOGGER------------------------------
[logback]2022-12-14 14:37:30 [XNIO-1 task-1] INFO  e.s.l.web.SmartAircokLoginController -    /loginprocess Access Logger INFO
[logback]2022-12-14 14:37:30 [XNIO-1 task-1] INFO  e.s.l.web.SmartAircokLoginController -     Access IP : 0:0:0:0:0:0:0:1
[logback]2022-12-14 14:37:30 [XNIO-1 task-1] INFO  e.s.l.web.SmartAircokLoginController - ------------------------------------------------------------------------
[logback]2022-12-14 14:37:57 [XNIO-1 task-1] ERROR e.s.l.web.SmartAircokLoginController - 자격 증명에 실패하였습니다.
[logback]2022-12-14 14:37:57 [XNIO-1 task-1] ERROR e.s.l.web.SmartAircokLoginController - /loginprocess Exception LOGGER
[logback]2022-12-14 14:38:41 [restartedMain] INFO  e.com.cmm.filter.SimpleCORSFilter - SimpleCORSFilter init
[logback]2022-12-14 14:41:25 [restartedMain] INFO  e.com.cmm.filter.SimpleCORSFilter - SimpleCORSFilter init
[logback]2022-12-14 14:41:29 [XNIO-1 task-1] INFO  e.s.l.web.SmartAircokLoginController - ------------------------------INFO  LOGGER------------------------------
[logback]2022-12-14 14:41:29 [XNIO-1 task-1] INFO  e.s.l.web.SmartAircokLoginController -    /loginprocess Access Logger INFO
[logback]2022-12-14 14:41:29 [XNIO-1 task-1] INFO  e.s.l.web.SmartAircokLoginController -     Access IP : 0:0:0:0:0:0:0:1
[logback]2022-12-14 14:41:29 [XNIO-1 task-1] INFO  e.s.l.web.SmartAircokLoginController - ------------------------------------------------------------------------
[logback]2022-12-14 14:41:58 [restartedMain] INFO  e.com.cmm.filter.SimpleCORSFilter - SimpleCORSFilter init
[logback]2022-12-14 14:42:00 [XNIO-2 task-1] INFO  e.s.l.web.SmartAircokLoginController - ------------------------------INFO  LOGGER------------------------------
[logback]2022-12-14 14:42:00 [XNIO-2 task-1] INFO  e.s.l.web.SmartAircokLoginController -    /loginprocess Access Logger INFO
[logback]2022-12-14 14:42:00 [XNIO-2 task-1] INFO  e.s.l.web.SmartAircokLoginController -     Access IP : 0:0:0:0:0:0:0:1
[logback]2022-12-14 14:42:00 [XNIO-2 task-1] INFO  e.s.l.web.SmartAircokLoginController - ------------------------------------------------------------------------
[logback]2022-12-14 14:48:20 [restartedMain] INFO  e.com.cmm.filter.SimpleCORSFilter - SimpleCORSFilter init
[logback]2022-12-14 14:48:24 [XNIO-1 task-1] INFO  e.s.l.web.SmartAircokLoginController - ------------------------------INFO  LOGGER------------------------------
[logback]2022-12-14 14:48:24 [XNIO-1 task-1] INFO  e.s.l.web.SmartAircokLoginController -    /loginprocess Access Logger INFO
[logback]2022-12-14 14:48:24 [XNIO-1 task-1] INFO  e.s.l.web.SmartAircokLoginController -     Access IP : 0:0:0:0:0:0:0:1
[logback]2022-12-14 14:48:24 [XNIO-1 task-1] INFO  e.s.l.web.SmartAircokLoginController - ------------------------------------------------------------------------
[logback]2022-12-14 14:58:16 [restartedMain] INFO  e.com.cmm.filter.SimpleCORSFilter - SimpleCORSFilter init
[logback]2022-12-14 14:58:19 [XNIO-1 task-1] INFO  e.s.l.web.SmartAircokLoginController - ------------------------------INFO  LOGGER------------------------------
[logback]2022-12-14 14:58:19 [XNIO-1 task-1] INFO  e.s.l.web.SmartAircokLoginController -    /loginprocess Access Logger INFO
[logback]2022-12-14 14:58:19 [XNIO-1 task-1] INFO  e.s.l.web.SmartAircokLoginController -     Access IP : 0:0:0:0:0:0:0:1
[logback]2022-12-14 14:58:19 [XNIO-1 task-1] INFO  e.s.l.web.SmartAircokLoginController - ------------------------------------------------------------------------
[logback]2022-12-14 14:59:48 [restartedMain] INFO  e.com.cmm.filter.SimpleCORSFilter - SimpleCORSFilter init
[logback]2022-12-14 14:59:52 [XNIO-1 task-1] ERROR e.s.l.web.SmartAircokLoginController - Could not open JDBC Connection for transaction; nested exception is java.sql.SQLException: Data source is closed
[logback]2022-12-14 14:59:52 [XNIO-1 task-1] ERROR e.s.l.web.SmartAircokLoginController - /loginprocess Exception LOGGER
[logback]2022-12-14 14:59:56 [XNIO-2 task-1] INFO  e.s.l.web.SmartAircokLoginController - ------------------------------INFO  LOGGER------------------------------
[logback]2022-12-14 14:59:56 [XNIO-2 task-1] INFO  e.s.l.web.SmartAircokLoginController -    /loginprocess Access Logger INFO
[logback]2022-12-14 14:59:56 [XNIO-2 task-1] INFO  e.s.l.web.SmartAircokLoginController -     Access IP : 0:0:0:0:0:0:0:1
[logback]2022-12-14 14:59:56 [XNIO-2 task-1] INFO  e.s.l.web.SmartAircokLoginController - ------------------------------------------------------------------------
[logback]2022-12-14 15:00:24 [restartedMain] INFO  e.com.cmm.filter.SimpleCORSFilter - SimpleCORSFilter init
[logback]2022-12-14 15:00:40 [restartedMain] INFO  e.com.cmm.filter.SimpleCORSFilter - SimpleCORSFilter init
[logback]2022-12-14 15:00:53 [XNIO-1 task-1] INFO  e.s.l.web.SmartAircokLoginController - ------------------------------INFO  LOGGER------------------------------
[logback]2022-12-14 15:00:53 [XNIO-1 task-1] INFO  e.s.l.web.SmartAircokLoginController -    /loginprocess Access Logger INFO
[logback]2022-12-14 15:00:53 [XNIO-1 task-1] INFO  e.s.l.web.SmartAircokLoginController -     Access IP : 0:0:0:0:0:0:0:1
[logback]2022-12-14 15:00:53 [XNIO-1 task-1] INFO  e.s.l.web.SmartAircokLoginController - ------------------------------------------------------------------------
[logback]2022-12-14 15:02:16 [restartedMain] INFO  e.com.cmm.filter.SimpleCORSFilter - SimpleCORSFilter init
[logback]2022-12-14 15:02:20 [XNIO-1 task-1] INFO  e.s.l.web.SmartAircokLoginController - ------------------------------INFO  LOGGER------------------------------
[logback]2022-12-14 15:02:20 [XNIO-1 task-1] INFO  e.s.l.web.SmartAircokLoginController -    /loginprocess Access Logger INFO
[logback]2022-12-14 15:02:20 [XNIO-1 task-1] INFO  e.s.l.web.SmartAircokLoginController -     Access IP : 0:0:0:0:0:0:0:1
[logback]2022-12-14 15:02:20 [XNIO-1 task-1] INFO  e.s.l.web.SmartAircokLoginController - ------------------------------------------------------------------------
[logback]2022-12-14 15:02:48 [restartedMain] INFO  e.com.cmm.filter.SimpleCORSFilter - SimpleCORSFilter init
[logback]2022-12-14 15:02:50 [XNIO-2 task-1] INFO  e.s.l.web.SmartAircokLoginController - ------------------------------INFO  LOGGER------------------------------
[logback]2022-12-14 15:02:50 [XNIO-2 task-1] INFO  e.s.l.web.SmartAircokLoginController -    /loginprocess Access Logger INFO
[logback]2022-12-14 15:02:50 [XNIO-2 task-1] INFO  e.s.l.web.SmartAircokLoginController -     Access IP : 0:0:0:0:0:0:0:1
[logback]2022-12-14 15:02:50 [XNIO-2 task-1] INFO  e.s.l.web.SmartAircokLoginController - ------------------------------------------------------------------------
[logback]2022-12-14 15:03:17 [restartedMain] INFO  e.com.cmm.filter.SimpleCORSFilter - SimpleCORSFilter init
[logback]2022-12-14 15:03:25 [XNIO-3 task-1] INFO  e.s.l.web.SmartAircokLoginController - ------------------------------INFO  LOGGER------------------------------
[logback]2022-12-14 15:03:25 [XNIO-3 task-1] INFO  e.s.l.web.SmartAircokLoginController -    /loginprocess Access Logger INFO
[logback]2022-12-14 15:03:25 [XNIO-3 task-1] INFO  e.s.l.web.SmartAircokLoginController -     Access IP : 0:0:0:0:0:0:0:1
[logback]2022-12-14 15:03:25 [XNIO-3 task-1] INFO  e.s.l.web.SmartAircokLoginController - ------------------------------------------------------------------------
[logback]2022-12-14 15:03:45 [restartedMain] INFO  e.com.cmm.filter.SimpleCORSFilter - SimpleCORSFilter init
[logback]2022-12-14 15:04:17 [restartedMain] INFO  e.com.cmm.filter.SimpleCORSFilter - SimpleCORSFilter init
[logback]2022-12-14 15:05:27 [restartedMain] INFO  e.com.cmm.filter.SimpleCORSFilter - SimpleCORSFilter init
[logback]2022-12-14 15:05:32 [XNIO-2 task-1] INFO  e.s.l.web.SmartAircokLoginController - ------------------------------INFO  LOGGER------------------------------
[logback]2022-12-14 15:05:32 [XNIO-2 task-1] INFO  e.s.l.web.SmartAircokLoginController -    /loginprocess Access Logger INFO
[logback]2022-12-14 15:05:32 [XNIO-2 task-1] INFO  e.s.l.web.SmartAircokLoginController -     Access IP : 0:0:0:0:0:0:0:1
[logback]2022-12-14 15:05:32 [XNIO-2 task-1] INFO  e.s.l.web.SmartAircokLoginController - ------------------------------------------------------------------------
[logback]2022-12-14 15:12:29 [restartedMain] INFO  e.com.cmm.filter.SimpleCORSFilter - SimpleCORSFilter init
[logback]2022-12-14 15:17:25 [restartedMain] INFO  e.com.cmm.filter.SimpleCORSFilter - SimpleCORSFilter init
[logback]2022-12-14 15:17:55 [XNIO-1 task-1] INFO  e.s.l.web.SmartAircokLoginController - ------------------------------INFO  LOGGER------------------------------
[logback]2022-12-14 15:17:55 [XNIO-1 task-1] INFO  e.s.l.web.SmartAircokLoginController -    /loginprocess Access Logger INFO
[logback]2022-12-14 15:17:55 [XNIO-1 task-1] INFO  e.s.l.web.SmartAircokLoginController -     Access IP : 0:0:0:0:0:0:0:1
[logback]2022-12-14 15:17:55 [XNIO-1 task-1] INFO  e.s.l.web.SmartAircokLoginController - ------------------------------------------------------------------------
[logback]2022-12-14 15:21:01 [restartedMain] INFO  e.com.cmm.filter.SimpleCORSFilter - SimpleCORSFilter init
[logback]2022-12-14 15:23:27 [restartedMain] INFO  e.com.cmm.filter.SimpleCORSFilter - SimpleCORSFilter init
[logback]2022-12-14 15:26:52 [restartedMain] INFO  e.com.cmm.filter.SimpleCORSFilter - SimpleCORSFilter init
[logback]2022-12-14 15:30:01 [XNIO-1 task-1] INFO  e.s.l.web.SmartAircokLoginController - ------------------------------INFO  LOGGER------------------------------
[logback]2022-12-14 15:30:01 [XNIO-1 task-1] INFO  e.s.l.web.SmartAircokLoginController -    /loginprocess Access Logger INFO
[logback]2022-12-14 15:30:01 [XNIO-1 task-1] INFO  e.s.l.web.SmartAircokLoginController -     Access IP : 0:0:0:0:0:0:0:1
[logback]2022-12-14 15:30:01 [XNIO-1 task-1] INFO  e.s.l.web.SmartAircokLoginController - ------------------------------------------------------------------------
[logback]2022-12-14 15:36:04 [restartedMain] INFO  e.com.cmm.filter.SimpleCORSFilter - SimpleCORSFilter init
[logback]2022-12-14 15:36:10 [XNIO-2 task-1] INFO  e.s.l.web.SmartAircokLoginController - ------------------------------INFO  LOGGER------------------------------
[logback]2022-12-14 15:36:10 [XNIO-2 task-1] INFO  e.s.l.web.SmartAircokLoginController -    /loginprocess Access Logger INFO
[logback]2022-12-14 15:36:10 [XNIO-2 task-1] INFO  e.s.l.web.SmartAircokLoginController -     Access IP : 0:0:0:0:0:0:0:1
[logback]2022-12-14 15:36:10 [XNIO-2 task-1] INFO  e.s.l.web.SmartAircokLoginController - ------------------------------------------------------------------------
[logback]2022-12-14 15:36:47 [XNIO-2 task-1] INFO  e.s.web.web.SmartAircokWebController - /device-lists api call
[logback]2022-12-14 15:36:48 [XNIO-2 task-1] INFO  e.s.web.web.SmartAircokWebController -  => $$aircok:s$$20221214153648$$aircok:e$$

[logback]2022-12-14 15:37:02 [XNIO-2 task-1] INFO  e.s.web.web.SmartAircokWebController - /device-lists api call
[logback]2022-12-14 15:37:02 [XNIO-2 task-1] INFO  e.s.web.web.SmartAircokWebController -  => $$aircok:s$$20221214153702$$aircok:e$$

[logback]2022-12-14 15:37:48 [restartedMain] INFO  e.com.cmm.filter.SimpleCORSFilter - SimpleCORSFilter init
[logback]2022-12-14 15:38:45 [restartedMain] INFO  e.com.cmm.filter.SimpleCORSFilter - SimpleCORSFilter init
[logback]2022-12-14 15:38:48 [XNIO-1 task-1] INFO  e.s.web.web.SmartAircokWebController - /device-lists api call
[logback]2022-12-14 15:38:48 [XNIO-1 task-1] INFO  e.s.web.web.SmartAircokWebController -  => $$aircok:s$$20221214153848$$aircok:e$$

[logback]2022-12-14 16:53:56 [restartedMain] INFO  e.com.cmm.filter.SimpleCORSFilter - SimpleCORSFilter init
[logback]2022-12-14 17:19:12 [restartedMain] INFO  e.com.cmm.filter.SimpleCORSFilter - SimpleCORSFilter init
[logback]2022-12-14 17:19:53 [restartedMain] INFO  e.com.cmm.filter.SimpleCORSFilter - SimpleCORSFilter init
[logback]2022-12-14 17:21:58 [restartedMain] INFO  e.com.cmm.filter.SimpleCORSFilter - SimpleCORSFilter init
[logback]2022-12-14 17:23:17 [restartedMain] INFO  e.com.cmm.filter.SimpleCORSFilter - SimpleCORSFilter init
[logback]2022-12-14 17:25:23 [restartedMain] INFO  e.com.cmm.filter.SimpleCORSFilter - SimpleCORSFilter init
[logback]2022-12-14 17:27:24 [restartedMain] INFO  e.com.cmm.filter.SimpleCORSFilter - SimpleCORSFilter init
[logback]2022-12-14 17:28:46 [restartedMain] INFO  e.com.cmm.filter.SimpleCORSFilter - SimpleCORSFilter init
[logback]2022-12-14 17:33:25 [restartedMain] INFO  e.com.cmm.filter.SimpleCORSFilter - SimpleCORSFilter init
[logback]2022-12-14 17:35:21 [restartedMain] INFO  e.com.cmm.filter.SimpleCORSFilter - SimpleCORSFilter init
[logback]2022-12-14 17:35:28 [XNIO-2 task-1] INFO  e.s.l.web.SmartAircokLoginController - ------------------------------INFO  LOGGER------------------------------
[logback]2022-12-14 17:35:28 [XNIO-2 task-1] INFO  e.s.l.web.SmartAircokLoginController -    /loginprocess Access Logger INFO
[logback]2022-12-14 17:35:28 [XNIO-2 task-1] INFO  e.s.l.web.SmartAircokLoginController -     Access IP : 0:0:0:0:0:0:0:1
[logback]2022-12-14 17:35:28 [XNIO-2 task-1] INFO  e.s.l.web.SmartAircokLoginController - ------------------------------------------------------------------------
[logback]2022-12-14 17:35:29 [XNIO-2 task-1] ERROR e.s.l.web.SmartAircokLoginController - Cannot invoke "java.util.Map.get(Object)" because "member" is null
[logback]2022-12-14 17:35:29 [XNIO-2 task-1] ERROR e.s.l.web.SmartAircokLoginController - /loginprocess InternalAuthenticationServiceException Exception LOGGER
[logback]2022-12-14 17:35:54 [XNIO-2 task-1] INFO  e.s.l.web.SmartAircokLoginController - ------------------------------INFO  LOGGER------------------------------
[logback]2022-12-14 17:35:54 [XNIO-2 task-1] INFO  e.s.l.web.SmartAircokLoginController -    /loginprocess Access Logger INFO
[logback]2022-12-14 17:35:54 [XNIO-2 task-1] INFO  e.s.l.web.SmartAircokLoginController -     Access IP : 0:0:0:0:0:0:0:1
[logback]2022-12-14 17:35:54 [XNIO-2 task-1] INFO  e.s.l.web.SmartAircokLoginController - ------------------------------------------------------------------------
[logback]2022-12-14 17:35:54 [XNIO-2 task-1] ERROR e.s.l.web.SmartAircokLoginController - Cannot invoke "java.util.Map.get(Object)" because "member" is null
[logback]2022-12-14 17:35:54 [XNIO-2 task-1] ERROR e.s.l.web.SmartAircokLoginController - /loginprocess InternalAuthenticationServiceException Exception LOGGER
[logback]2022-12-14 17:37:08 [restartedMain] INFO  e.com.cmm.filter.SimpleCORSFilter - SimpleCORSFilter init
[logback]2022-12-14 17:38:14 [XNIO-1 task-2] INFO  e.s.l.web.SmartAircokLoginController - ------------------------------INFO  LOGGER------------------------------
[logback]2022-12-14 17:38:14 [XNIO-1 task-2] INFO  e.s.l.web.SmartAircokLoginController -    /loginprocess Access Logger INFO
[logback]2022-12-14 17:38:14 [XNIO-1 task-2] INFO  e.s.l.web.SmartAircokLoginController -     Access IP : 0:0:0:0:0:0:0:1
[logback]2022-12-14 17:38:14 [XNIO-1 task-2] INFO  e.s.l.web.SmartAircokLoginController - ------------------------------------------------------------------------
[logback]2022-12-14 17:38:21 [XNIO-1 task-2] ERROR e.s.l.web.SmartAircokLoginController - Cannot invoke "java.util.Map.get(Object)" because "member" is null
[logback]2022-12-14 17:38:21 [XNIO-1 task-2] ERROR e.s.l.web.SmartAircokLoginController - /loginprocess InternalAuthenticationServiceException Exception LOGGER
[logback]2022-12-14 17:38:38 [XNIO-1 task-1] INFO  e.s.l.web.SmartAircokLoginController - ------------------------------INFO  LOGGER------------------------------
[logback]2022-12-14 17:38:38 [XNIO-1 task-1] INFO  e.s.l.web.SmartAircokLoginController -    /loginprocess Access Logger INFO
[logback]2022-12-14 17:38:38 [XNIO-1 task-1] INFO  e.s.l.web.SmartAircokLoginController -     Access IP : 0:0:0:0:0:0:0:1
[logback]2022-12-14 17:38:38 [XNIO-1 task-1] INFO  e.s.l.web.SmartAircokLoginController - ------------------------------------------------------------------------
[logback]2022-12-14 17:38:38 [XNIO-1 task-1] ERROR e.s.l.web.SmartAircokLoginController - Cannot invoke "java.util.Map.get(Object)" because "member" is null
[logback]2022-12-14 17:38:38 [XNIO-1 task-1] ERROR e.s.l.web.SmartAircokLoginController - /loginprocess InternalAuthenticationServiceException Exception LOGGER
[logback]2022-12-14 17:38:58 [XNIO-1 task-1] INFO  e.s.l.web.SmartAircokLoginController - ------------------------------INFO  LOGGER------------------------------
[logback]2022-12-14 17:38:58 [XNIO-1 task-1] INFO  e.s.l.web.SmartAircokLoginController -    /loginprocess Access Logger INFO
[logback]2022-12-14 17:38:58 [XNIO-1 task-1] INFO  e.s.l.web.SmartAircokLoginController -     Access IP : 0:0:0:0:0:0:0:1
[logback]2022-12-14 17:38:58 [XNIO-1 task-1] INFO  e.s.l.web.SmartAircokLoginController - ------------------------------------------------------------------------
[logback]2022-12-14 17:38:58 [XNIO-1 task-1] ERROR e.s.l.web.SmartAircokLoginController - Cannot invoke "java.util.Map.get(Object)" because "member" is null
[logback]2022-12-14 17:38:58 [XNIO-1 task-1] ERROR e.s.l.web.SmartAircokLoginController - /loginprocess InternalAuthenticationServiceException Exception LOGGER
[logback]2022-12-14 17:52:05 [XNIO-1 task-1] INFO  e.s.l.web.SmartAircokLoginController - ------------------------------INFO  LOGGER------------------------------
[logback]2022-12-14 17:52:05 [XNIO-1 task-1] INFO  e.s.l.web.SmartAircokLoginController -    /loginprocess Access Logger INFO
[logback]2022-12-14 17:52:05 [XNIO-1 task-1] INFO  e.s.l.web.SmartAircokLoginController -     Access IP : 0:0:0:0:0:0:0:1
[logback]2022-12-14 17:52:05 [XNIO-1 task-1] INFO  e.s.l.web.SmartAircokLoginController - ------------------------------------------------------------------------
[logback]2022-12-14 17:52:05 [XNIO-1 task-1] ERROR e.s.l.web.SmartAircokLoginController - Cannot invoke "java.util.Map.get(Object)" because "member" is null
[logback]2022-12-14 17:52:05 [XNIO-1 task-1] ERROR e.s.l.web.SmartAircokLoginController - /loginprocess InternalAuthenticationServiceException Exception LOGGER
[logback]2022-12-14 17:52:25 [XNIO-1 task-1] INFO  e.s.l.web.SmartAircokLoginController - ------------------------------INFO  LOGGER------------------------------
[logback]2022-12-14 17:52:25 [XNIO-1 task-1] INFO  e.s.l.web.SmartAircokLoginController -    /loginprocess Access Logger INFO
[logback]2022-12-14 17:52:25 [XNIO-1 task-1] INFO  e.s.l.web.SmartAircokLoginController -     Access IP : 0:0:0:0:0:0:0:1
[logback]2022-12-14 17:52:26 [XNIO-1 task-1] INFO  e.s.l.web.SmartAircokLoginController - ------------------------------------------------------------------------
[logback]2022-12-14 17:55:18 [restartedMain] INFO  e.com.cmm.filter.SimpleCORSFilter - SimpleCORSFilter init
[logback]2022-12-14 17:55:30 [XNIO-1 task-2] INFO  e.s.l.web.SmartAircokLoginController - ------------------------------INFO  LOGGER------------------------------
[logback]2022-12-14 17:55:30 [XNIO-1 task-2] INFO  e.s.l.web.SmartAircokLoginController -    /loginprocess Access Logger INFO
[logback]2022-12-14 17:55:30 [XNIO-1 task-2] INFO  e.s.l.web.SmartAircokLoginController -     Access IP : 0:0:0:0:0:0:0:1
[logback]2022-12-14 17:55:30 [XNIO-1 task-2] INFO  e.s.l.web.SmartAircokLoginController - ------------------------------------------------------------------------
[logback]2022-12-14 17:56:38 [XNIO-1 task-2] INFO  e.s.l.web.SmartAircokLoginController - ------------------------------INFO  LOGGER------------------------------
[logback]2022-12-14 17:56:38 [XNIO-1 task-2] INFO  e.s.l.web.SmartAircokLoginController -    /loginprocess Access Logger INFO
[logback]2022-12-14 17:56:38 [XNIO-1 task-2] INFO  e.s.l.web.SmartAircokLoginController -     Access IP : 0:0:0:0:0:0:0:1
[logback]2022-12-14 17:56:38 [XNIO-1 task-2] INFO  e.s.l.web.SmartAircokLoginController - ------------------------------------------------------------------------
[logback]2022-12-14 18:03:12 [XNIO-1 task-2] INFO  e.s.l.web.SmartAircokLoginController - ------------------------------INFO  LOGGER------------------------------
[logback]2022-12-14 18:03:12 [XNIO-1 task-2] INFO  e.s.l.web.SmartAircokLoginController -    /loginprocess Access Logger INFO
[logback]2022-12-14 18:03:12 [XNIO-1 task-2] INFO  e.s.l.web.SmartAircokLoginController -     Access IP : 0:0:0:0:0:0:0:1
[logback]2022-12-14 18:03:12 [XNIO-1 task-2] INFO  e.s.l.web.SmartAircokLoginController - ------------------------------------------------------------------------
[logback]2022-12-14 18:09:15 [XNIO-1 task-2] INFO  e.s.l.web.SmartAircokLoginController - ------------------------------INFO  LOGGER------------------------------
[logback]2022-12-14 18:09:15 [XNIO-1 task-2] INFO  e.s.l.web.SmartAircokLoginController -    /loginprocess Access Logger INFO
[logback]2022-12-14 18:09:15 [XNIO-1 task-2] INFO  e.s.l.web.SmartAircokLoginController -     Access IP : 0:0:0:0:0:0:0:1
[logback]2022-12-14 18:09:15 [XNIO-1 task-2] INFO  e.s.l.web.SmartAircokLoginController - ------------------------------------------------------------------------
