[logback]2022-12-12 13:04:26 [restartedMain] INFO  e.com.cmm.filter.SimpleCORSFilter - SimpleCORSFilter init
[logback]2022-12-12 13:09:31 [restartedMain] INFO  e.com.cmm.filter.SimpleCORSFilter - SimpleCORSFilter init
[logback]2022-12-12 13:10:22 [restartedMain] INFO  e.com.cmm.filter.SimpleCORSFilter - SimpleCORSFilter init
[logback]2022-12-12 13:11:58 [restartedMain] INFO  e.com.cmm.filter.SimpleCORSFilter - SimpleCORSFilter init
[logback]2022-12-12 13:15:20 [restartedMain] INFO  e.com.cmm.filter.SimpleCORSFilter - SimpleCORSFilter init
[logback]2022-12-12 13:15:26 [XNIO-1 task-1] INFO  e.s.web.web.SmartAircokWebController - /device-lists api call
[logback]2022-12-12 13:15:26 [XNIO-1 task-1] INFO  e.s.web.web.SmartAircokWebController -  => $$aircok:s$$20221212131526$$aircok:e$$

[logback]2022-12-12 14:43:29 [restartedMain] INFO  e.com.cmm.filter.SimpleCORSFilter - SimpleCORSFilter init
[logback]2022-12-12 14:45:33 [restartedMain] INFO  e.com.cmm.filter.SimpleCORSFilter - SimpleCORSFilter init
[logback]2022-12-12 14:45:39 [XNIO-1 task-1] INFO  e.s.web.web.SmartAircokWebController - /device-lists api call
[logback]2022-12-12 14:45:39 [XNIO-1 task-1] INFO  e.s.web.web.SmartAircokWebController -  => $$aircok:s$$20221212144539$$aircok:e$$

[logback]2022-12-12 14:47:24 [restartedMain] INFO  e.com.cmm.filter.SimpleCORSFilter - SimpleCORSFilter init
[logback]2022-12-12 15:40:45 [restartedMain] INFO  e.com.cmm.filter.SimpleCORSFilter - SimpleCORSFilter init
[logback]2022-12-12 15:43:45 [restartedMain] INFO  e.com.cmm.filter.SimpleCORSFilter - SimpleCORSFilter init
[logback]2022-12-12 15:48:11 [restartedMain] INFO  e.com.cmm.filter.SimpleCORSFilter - SimpleCORSFilter init
[logback]2022-12-12 15:48:28 [restartedMain] INFO  e.com.cmm.filter.SimpleCORSFilter - SimpleCORSFilter init
[logback]2022-12-12 15:49:10 [restartedMain] INFO  e.com.cmm.filter.SimpleCORSFilter - SimpleCORSFilter init
[logback]2022-12-12 15:51:14 [restartedMain] INFO  e.com.cmm.filter.SimpleCORSFilter - SimpleCORSFilter init
[logback]2022-12-12 15:51:59 [restartedMain] INFO  e.com.cmm.filter.SimpleCORSFilter - SimpleCORSFilter init
[logback]2022-12-12 15:52:54 [restartedMain] INFO  e.com.cmm.filter.SimpleCORSFilter - SimpleCORSFilter init
[logback]2022-12-12 15:53:54 [restartedMain] INFO  e.com.cmm.filter.SimpleCORSFilter - SimpleCORSFilter init
[logback]2022-12-12 15:54:56 [restartedMain] INFO  e.com.cmm.filter.SimpleCORSFilter - SimpleCORSFilter init
[logback]2022-12-12 15:57:46 [XNIO-1 task-1] INFO  e.s.web.web.SmartAircokWebController - /device-lists api call
[logback]2022-12-12 15:57:46 [XNIO-1 task-1] INFO  e.s.web.web.SmartAircokWebController -  => $$aircok:s$$20221212155746$$aircok:e$$

[logback]2022-12-12 15:59:49 [restartedMain] INFO  e.com.cmm.filter.SimpleCORSFilter - SimpleCORSFilter init
[logback]2022-12-12 16:05:14 [restartedMain] INFO  e.com.cmm.filter.SimpleCORSFilter - SimpleCORSFilter init
[logback]2022-12-12 16:05:27 [restartedMain] INFO  e.com.cmm.filter.SimpleCORSFilter - SimpleCORSFilter init
[logback]2022-12-12 16:08:24 [restartedMain] INFO  e.com.cmm.filter.SimpleCORSFilter - SimpleCORSFilter init
[logback]2022-12-12 16:08:31 [XNIO-1 task-1] INFO  e.s.web.web.SmartAircokWebController - /device-lists api call
[logback]2022-12-12 16:09:03 [XNIO-1 task-1] ERROR e.s.web.web.SmartAircokWebController - /time Exception LOGGER
[logback]2022-12-12 16:09:05 [XNIO-1 task-1] ERROR e.s.web.web.SmartAircokWebController -  => $$aircok:s$$NO|ER01$$aircok:e$$
[logback]2022-12-12 16:12:29 [restartedMain] INFO  e.com.cmm.filter.SimpleCORSFilter - SimpleCORSFilter init
[logback]2022-12-12 16:13:15 [restartedMain] INFO  e.com.cmm.filter.SimpleCORSFilter - SimpleCORSFilter init
[logback]2022-12-12 16:13:26 [restartedMain] INFO  e.com.cmm.filter.SimpleCORSFilter - SimpleCORSFilter init
[logback]2022-12-12 16:13:30 [XNIO-2 task-1] INFO  e.s.web.web.SmartAircokWebController - /device-lists api call
[logback]2022-12-12 16:14:24 [restartedMain] INFO  e.com.cmm.filter.SimpleCORSFilter - SimpleCORSFilter init
[logback]2022-12-12 16:17:46 [restartedMain] INFO  e.com.cmm.filter.SimpleCORSFilter - SimpleCORSFilter init
[logback]2022-12-12 16:18:02 [XNIO-2 task-1] INFO  e.s.l.web.SmartAircokLoginController - ------------------------------INFO  LOGGER------------------------------
[logback]2022-12-12 16:18:03 [XNIO-2 task-1] INFO  e.s.l.web.SmartAircokLoginController -    /loginprocess Access Logger INFO
[logback]2022-12-12 16:18:04 [XNIO-2 task-1] INFO  e.s.l.web.SmartAircokLoginController -     Access IP : 0:0:0:0:0:0:0:1
[logback]2022-12-12 16:18:04 [XNIO-2 task-1] INFO  e.s.l.web.SmartAircokLoginController - ------------------------------------------------------------------------
[logback]2022-12-12 16:18:49 [XNIO-2 task-1] ERROR e.s.l.web.SmartAircokLoginController - The specified key byte array is 0 bits which is not secure enough for any JWT HMAC-SHA algorithm.  The JWT JWA Specification (RFC 7518, Section 3.2) states that keys used with HMAC-SHA algorithms MUST have a size >= 256 bits (the key size must be greater than or equal to the hash output size).  Consider using the io.jsonwebtoken.security.Keys#secretKeyFor(SignatureAlgorithm) method to create a key guaranteed to be secure enough for your preferred HMAC-SHA algorithm.  See https://tools.ietf.org/html/rfc7518#section-3.2 for more information.
[logback]2022-12-12 16:18:49 [XNIO-2 task-1] ERROR e.s.l.web.SmartAircokLoginController - /loginprocess Exception LOGGER
[logback]2022-12-12 16:18:49 [XNIO-2 task-1] ERROR e.s.l.web.SmartAircokLoginController -  => $$aircok:s$$NO|ER01$$aircok:e$$
[logback]2022-12-12 16:18:51 [XNIO-2 task-1] INFO  e.s.l.web.SmartAircokLoginController - ------------------------------INFO  LOGGER------------------------------
[logback]2022-12-12 16:18:51 [XNIO-2 task-1] INFO  e.s.l.web.SmartAircokLoginController -    /loginprocess Access Logger INFO
[logback]2022-12-12 16:18:51 [XNIO-2 task-1] INFO  e.s.l.web.SmartAircokLoginController -     Access IP : 0:0:0:0:0:0:0:1
[logback]2022-12-12 16:18:51 [XNIO-2 task-1] INFO  e.s.l.web.SmartAircokLoginController - ------------------------------------------------------------------------
[logback]2022-12-12 16:20:26 [restartedMain] INFO  e.com.cmm.filter.SimpleCORSFilter - SimpleCORSFilter init
[logback]2022-12-12 16:35:37 [restartedMain] INFO  e.com.cmm.filter.SimpleCORSFilter - SimpleCORSFilter init
[logback]2022-12-12 16:35:44 [restartedMain] INFO  e.com.cmm.filter.SimpleCORSFilter - SimpleCORSFilter init
[logback]2022-12-12 16:35:48 [XNIO-2 task-1] INFO  e.s.l.web.SmartAircokLoginController - ------------------------------INFO  LOGGER------------------------------
[logback]2022-12-12 16:35:48 [XNIO-2 task-1] INFO  e.s.l.web.SmartAircokLoginController -    /loginprocess Access Logger INFO
[logback]2022-12-12 16:35:48 [XNIO-2 task-1] INFO  e.s.l.web.SmartAircokLoginController -     Access IP : 0:0:0:0:0:0:0:1
[logback]2022-12-12 16:35:48 [XNIO-2 task-1] INFO  e.s.l.web.SmartAircokLoginController - ------------------------------------------------------------------------
[logback]2022-12-12 16:35:57 [XNIO-2 task-1] INFO  e.s.l.web.SmartAircokLoginController - ------------------------------INFO  LOGGER------------------------------
[logback]2022-12-12 16:35:57 [XNIO-2 task-1] INFO  e.s.l.web.SmartAircokLoginController -    /loginprocess Access Logger INFO
[logback]2022-12-12 16:35:57 [XNIO-2 task-1] INFO  e.s.l.web.SmartAircokLoginController -     Access IP : 0:0:0:0:0:0:0:1
[logback]2022-12-12 16:35:57 [XNIO-2 task-1] INFO  e.s.l.web.SmartAircokLoginController - ------------------------------------------------------------------------
[logback]2022-12-12 16:36:43 [restartedMain] INFO  e.com.cmm.filter.SimpleCORSFilter - SimpleCORSFilter init
[logback]2022-12-12 16:36:47 [XNIO-1 task-1] INFO  e.s.l.web.SmartAircokLoginController - ------------------------------INFO  LOGGER------------------------------
[logback]2022-12-12 16:36:47 [XNIO-1 task-1] INFO  e.s.l.web.SmartAircokLoginController -    /loginprocess Access Logger INFO
[logback]2022-12-12 16:36:47 [XNIO-1 task-1] INFO  e.s.l.web.SmartAircokLoginController -     Access IP : 0:0:0:0:0:0:0:1
[logback]2022-12-12 16:36:47 [XNIO-1 task-1] INFO  e.s.l.web.SmartAircokLoginController - ------------------------------------------------------------------------
[logback]2022-12-12 16:50:59 [restartedMain] INFO  e.com.cmm.filter.SimpleCORSFilter - SimpleCORSFilter init
[logback]2022-12-12 16:51:04 [XNIO-1 task-1] INFO  e.s.l.web.SmartAircokLoginController - ------------------------------INFO  LOGGER------------------------------
[logback]2022-12-12 16:51:04 [XNIO-1 task-1] INFO  e.s.l.web.SmartAircokLoginController -    /loginprocess Access Logger INFO
[logback]2022-12-12 16:51:04 [XNIO-1 task-1] INFO  e.s.l.web.SmartAircokLoginController -     Access IP : 0:0:0:0:0:0:0:1
[logback]2022-12-12 16:51:04 [XNIO-1 task-1] INFO  e.s.l.web.SmartAircokLoginController - ------------------------------------------------------------------------
[logback]2022-12-12 16:51:26 [XNIO-1 task-1] ERROR e.s.l.web.SmartAircokLoginController - nested exception is org.apache.ibatis.exceptions.PersistenceException: 
### Error updating database.  Cause: java.lang.IllegalArgumentException: Mapped Statements collection does not contain value for aircokBabyLogin.insertRefreshToken
### Cause: java.lang.IllegalArgumentException: Mapped Statements collection does not contain value for aircokBabyLogin.insertRefreshToken
[logback]2022-12-12 16:51:26 [XNIO-1 task-1] ERROR e.s.l.web.SmartAircokLoginController - /loginprocess Exception LOGGER
[logback]2022-12-12 16:52:47 [restartedMain] INFO  e.com.cmm.filter.SimpleCORSFilter - SimpleCORSFilter init
[logback]2022-12-12 16:53:49 [XNIO-1 task-1] INFO  e.s.l.web.SmartAircokLoginController - ------------------------------INFO  LOGGER------------------------------
[logback]2022-12-12 16:53:49 [XNIO-1 task-1] INFO  e.s.l.web.SmartAircokLoginController -    /loginprocess Access Logger INFO
[logback]2022-12-12 16:53:49 [XNIO-1 task-1] INFO  e.s.l.web.SmartAircokLoginController -     Access IP : 0:0:0:0:0:0:0:1
[logback]2022-12-12 16:53:49 [XNIO-1 task-1] INFO  e.s.l.web.SmartAircokLoginController - ------------------------------------------------------------------------
[logback]2022-12-12 17:05:35 [restartedMain] INFO  e.com.cmm.filter.SimpleCORSFilter - SimpleCORSFilter init
[logback]2022-12-12 17:05:42 [XNIO-2 task-1] INFO  e.s.l.web.SmartAircokLoginController - ------------------------------INFO  LOGGER------------------------------
[logback]2022-12-12 17:05:42 [XNIO-2 task-1] INFO  e.s.l.web.SmartAircokLoginController -    /loginprocess Access Logger INFO
[logback]2022-12-12 17:05:42 [XNIO-2 task-1] INFO  e.s.l.web.SmartAircokLoginController -     Access IP : 0:0:0:0:0:0:0:1
[logback]2022-12-12 17:05:42 [XNIO-2 task-1] INFO  e.s.l.web.SmartAircokLoginController - ------------------------------------------------------------------------
[logback]2022-12-12 17:06:59 [restartedMain] INFO  e.com.cmm.filter.SimpleCORSFilter - SimpleCORSFilter init
[logback]2022-12-12 17:07:02 [XNIO-1 task-1] INFO  e.s.l.web.SmartAircokLoginController - ------------------------------INFO  LOGGER------------------------------
[logback]2022-12-12 17:07:02 [XNIO-1 task-1] INFO  e.s.l.web.SmartAircokLoginController -    /loginprocess Access Logger INFO
[logback]2022-12-12 17:07:02 [XNIO-1 task-1] INFO  e.s.l.web.SmartAircokLoginController -     Access IP : 0:0:0:0:0:0:0:1
[logback]2022-12-12 17:07:02 [XNIO-1 task-1] INFO  e.s.l.web.SmartAircokLoginController - ------------------------------------------------------------------------
[logback]2022-12-12 17:18:23 [XNIO-1 task-1] INFO  e.s.l.web.SmartAircokLoginController - ------------------------------INFO  LOGGER------------------------------
[logback]2022-12-12 17:18:23 [XNIO-1 task-1] INFO  e.s.l.web.SmartAircokLoginController -    /loginprocess Access Logger INFO
[logback]2022-12-12 17:18:23 [XNIO-1 task-1] INFO  e.s.l.web.SmartAircokLoginController -     Access IP : 0:0:0:0:0:0:0:1
[logback]2022-12-12 17:18:23 [XNIO-1 task-1] INFO  e.s.l.web.SmartAircokLoginController - ------------------------------------------------------------------------
[logback]2022-12-12 17:18:23 [XNIO-1 task-1] ERROR e.s.l.web.SmartAircokLoginController - null
[logback]2022-12-12 17:18:23 [XNIO-1 task-1] ERROR e.s.l.web.SmartAircokLoginController - /loginprocess SQL Exception LOGGER
[logback]2022-12-12 17:37:10 [restartedMain] INFO  e.com.cmm.filter.SimpleCORSFilter - SimpleCORSFilter init
[logback]2022-12-12 17:37:15 [XNIO-1 task-1] INFO  e.s.l.web.SmartAircokLoginController - ------------------------------INFO  LOGGER------------------------------
[logback]2022-12-12 17:37:15 [XNIO-1 task-1] INFO  e.s.l.web.SmartAircokLoginController -    /loginprocess Access Logger INFO
[logback]2022-12-12 17:37:15 [XNIO-1 task-1] INFO  e.s.l.web.SmartAircokLoginController -     Access IP : 0:0:0:0:0:0:0:1
[logback]2022-12-12 17:37:15 [XNIO-1 task-1] INFO  e.s.l.web.SmartAircokLoginController - ------------------------------------------------------------------------
[logback]2022-12-12 17:39:56 [restartedMain] INFO  e.com.cmm.filter.SimpleCORSFilter - SimpleCORSFilter init
[logback]2022-12-12 17:40:00 [XNIO-1 task-1] INFO  e.s.l.web.SmartAircokLoginController - ------------------------------INFO  LOGGER------------------------------
[logback]2022-12-12 17:40:00 [XNIO-1 task-1] INFO  e.s.l.web.SmartAircokLoginController -    /loginprocess Access Logger INFO
[logback]2022-12-12 17:40:00 [XNIO-1 task-1] INFO  e.s.l.web.SmartAircokLoginController -     Access IP : 0:0:0:0:0:0:0:1
[logback]2022-12-12 17:40:00 [XNIO-1 task-1] INFO  e.s.l.web.SmartAircokLoginController - ------------------------------------------------------------------------
